[2021-01-16T12:12:34.449313+00:00] name.INFO: ------------------ [] []
[2021-01-16T12:12:34.450464+00:00] name.INFO: Пользователь перешел по маршруту - http://laravel/home Параметры GET [] []
[2021-01-16T12:12:35.648764+00:00] name.INFO: ------------------ [] []
[2021-01-16T12:12:35.649738+00:00] name.INFO: Пользователь перешел по маршруту - http://laravel/online Параметры GET [] []
[2021-01-16T12:12:36.445436+00:00] name.INFO: ------------------ [] []
[2021-01-16T12:12:36.446270+00:00] name.INFO: Пользователь перешел по маршруту - http://laravel/mail/dialogs/2 Параметры GET [] []
[2021-01-16T12:12:37.845039+00:00] name.INFO: ------------------ [] []
[2021-01-16T12:12:37.846300+00:00] name.INFO: Пользователь перешел по маршруту - http://laravel/mail/dialogs/send Параметры POST [] []
[2021-01-16T12:12:37.846471+00:00] name.INFO: _token => U8yvXE3u028LVIkIDVH169VldkU9QtBZeBhwEztd [] []
[2021-01-16T12:12:37.846589+00:00] name.INFO: message => qq [] []
[2021-01-16T12:12:37.846708+00:00] name.INFO: to => 2 [] []
[2021-01-16T12:12:38.022961+00:00] name.INFO: ------------------ [] []
[2021-01-16T12:12:38.023752+00:00] name.INFO: Пользователь перешел по маршруту - http://laravel/mail/dialogs/2 Параметры GET [] []
[2021-01-16T12:12:40.666312+00:00] name.INFO: ------------------ [] []
[2021-01-16T12:12:40.667107+00:00] name.INFO: Пользователь перешел по маршруту - http://laravel/mail/dialogs/2 Параметры GET [] []
[2021-01-16T12:22:55.290283+00:00] name.INFO: ------------------ [] []
[2021-01-16T12:22:55.291238+00:00] name.INFO: Пользователь перешел по маршруту - http://laravel/home Параметры GET [] []
[2021-01-16T12:23:11.727054+00:00] name.INFO: ------------------ [] []
[2021-01-16T12:23:11.728038+00:00] name.INFO: Пользователь перешел по маршруту - http://laravel/home Параметры GET [] []
[2021-01-16T12:23:20.748244+00:00] name.INFO: ------------------ [] []
[2021-01-16T12:23:20.749202+00:00] name.INFO: Пользователь перешел по маршруту - http://laravel/logout Параметры POST [] []
[2021-01-16T12:23:20.749419+00:00] name.INFO: _token => ePiHxE8ABy6dUpkA36vOYiLOKv1vQFUU3ZlXIrQV [] []
