[2021-01-16T12:39:40.910745+00:00] name.INFO: ------------------ [] []
[2021-01-16T12:39:40.912051+00:00] name.INFO: Пользователь перешел по маршруту - http://laravel/home Параметры GET [] []
[2021-01-16T14:11:31.981520+00:00] name.INFO: ------------------ [] []
[2021-01-16T14:11:31.982884+00:00] name.INFO: Пользователь перешел по маршруту - http://laravel/home Параметры GET [] []
[2021-01-16T14:11:33.446363+00:00] name.INFO: ------------------ [] []
[2021-01-16T14:11:33.447253+00:00] name.INFO: Пользователь перешел по маршруту - http://laravel/mail Параметры GET [] []
[2021-01-16T14:11:34.005382+00:00] name.INFO: ------------------ [] []
[2021-01-16T14:11:34.010252+00:00] name.INFO: Пользователь перешел по маршруту - http://laravel/mail/system_messages Параметры GET [] []
[2021-01-16T14:11:55.904226+00:00] name.INFO: ------------------ [] []
[2021-01-16T14:11:55.905141+00:00] name.INFO: Пользователь перешел по маршруту - http://laravel/mail/system_messages Параметры GET [] []
[2021-01-16T14:14:11.373189+00:00] name.INFO: ------------------ [] []
[2021-01-16T14:14:11.374329+00:00] name.INFO: Пользователь перешел по маршруту - http://laravel/mail/system_messages Параметры GET [] []
[2021-01-16T14:14:21.938141+00:00] name.INFO: ------------------ [] []
[2021-01-16T14:14:21.939083+00:00] name.INFO: Пользователь перешел по маршруту - http://laravel/mail/system_messages Параметры GET [] []
[2021-01-16T14:14:22.057312+00:00] name.INFO: ------------------ [] []
[2021-01-16T14:14:22.058398+00:00] name.INFO: Пользователь перешел по маршруту - http://laravel/mail/system_messages Параметры GET [] []
[2021-01-16T14:14:23.125556+00:00] name.INFO: ------------------ [] []
[2021-01-16T14:14:23.126428+00:00] name.INFO: Пользователь перешел по маршруту - http://laravel/mail Параметры GET [] []
[2021-01-16T14:14:23.633983+00:00] name.INFO: ------------------ [] []
[2021-01-16T14:14:23.634805+00:00] name.INFO: Пользователь перешел по маршруту - http://laravel/home Параметры GET [] []
[2021-01-16T14:14:24.085658+00:00] name.INFO: ------------------ [] []
[2021-01-16T14:14:24.086551+00:00] name.INFO: Пользователь перешел по маршруту - http://laravel/logout Параметры POST [] []
[2021-01-16T14:14:24.086719+00:00] name.INFO: _token => FGe3hzeUVSQinKHK8qWpeb37k5LbyEaemS92dgcG [] []
