[2021-01-16T15:01:11.552046+00:00] name.INFO: ------------------ [] []
[2021-01-16T15:01:11.553494+00:00] name.INFO: Пользователь перешел по маршруту - http://laravel/home Параметры GET [] []
[2021-01-16T15:20:12.154385+00:00] name.INFO: ------------------ [] []
[2021-01-16T15:20:12.155657+00:00] name.INFO: Пользователь перешел по маршруту - http://laravel/home Параметры GET [] []
[2021-01-16T15:30:48.151628+00:00] name.INFO: ------------------ [] []
[2021-01-16T15:30:48.153108+00:00] name.INFO: Пользователь перешел по маршруту - http://laravel/map/monsters Параметры GET [] []
[2021-01-16T15:30:50.619828+00:00] name.INFO: ------------------ [] []
[2021-01-16T15:30:50.620942+00:00] name.INFO: Пользователь перешел по маршруту - http://laravel/map/monsters/attack Параметры POST [] []
[2021-01-16T15:30:50.621212+00:00] name.INFO: _token => F5uUM9BE0LiecNbGS9l907rxOqPiPVFuTyi4s8cC [] []
[2021-01-16T15:30:50.621416+00:00] name.INFO: monsterId => 1 [] []
[2021-01-16T15:47:13.869897+00:00] name.INFO: ------------------ [] []
[2021-01-16T15:47:13.871085+00:00] name.INFO: Пользователь перешел по маршруту - http://laravel/map/monsters/attack Параметры POST [] []
[2021-01-16T15:47:13.871399+00:00] name.INFO: _token => F5uUM9BE0LiecNbGS9l907rxOqPiPVFuTyi4s8cC [] []
[2021-01-16T15:47:13.871615+00:00] name.INFO: monsterId => 1 [] []
[2021-01-16T15:49:13.440287+00:00] name.INFO: ------------------ [] []
[2021-01-16T15:49:13.441132+00:00] name.INFO: Пользователь перешел по маршруту - http://laravel/map/monsters/attack Параметры POST [] []
[2021-01-16T15:49:13.441297+00:00] name.INFO: _token => F5uUM9BE0LiecNbGS9l907rxOqPiPVFuTyi4s8cC [] []
[2021-01-16T15:49:13.441414+00:00] name.INFO: monsterId => 1 [] []
[2021-01-16T15:52:51.966985+00:00] name.INFO: ------------------ [] []
[2021-01-16T15:52:51.968040+00:00] name.INFO: Пользователь перешел по маршруту - http://laravel/map/monsters/attack Параметры POST [] []
[2021-01-16T15:52:51.968212+00:00] name.INFO: _token => F5uUM9BE0LiecNbGS9l907rxOqPiPVFuTyi4s8cC [] []
[2021-01-16T15:52:51.968330+00:00] name.INFO: monsterId => 1 [] []
[2021-01-16T15:52:57.423155+00:00] name.INFO: ------------------ [] []
[2021-01-16T15:52:57.424074+00:00] name.INFO: Пользователь перешел по маршруту - http://laravel/map/monsters/attack Параметры POST [] []
[2021-01-16T15:52:57.424250+00:00] name.INFO: _token => F5uUM9BE0LiecNbGS9l907rxOqPiPVFuTyi4s8cC [] []
[2021-01-16T15:52:57.424366+00:00] name.INFO: monsterId => 1 [] []
[2021-01-16T15:53:12.708144+00:00] name.INFO: ------------------ [] []
[2021-01-16T15:53:12.709065+00:00] name.INFO: Пользователь перешел по маршруту - http://laravel/map/monsters/attack Параметры POST [] []
[2021-01-16T15:53:12.709243+00:00] name.INFO: _token => F5uUM9BE0LiecNbGS9l907rxOqPiPVFuTyi4s8cC [] []
[2021-01-16T15:53:12.709361+00:00] name.INFO: monsterId => 1 [] []
[2021-01-16T15:53:40.721909+00:00] name.INFO: ------------------ [] []
[2021-01-16T15:53:40.722747+00:00] name.INFO: Пользователь перешел по маршруту - http://laravel/map/monsters/attack Параметры POST [] []
[2021-01-16T15:53:40.722912+00:00] name.INFO: _token => F5uUM9BE0LiecNbGS9l907rxOqPiPVFuTyi4s8cC [] []
[2021-01-16T15:53:40.723029+00:00] name.INFO: monsterId => 1 [] []
[2021-01-16T15:53:50.835431+00:00] name.INFO: ------------------ [] []
[2021-01-16T15:53:50.836260+00:00] name.INFO: Пользователь перешел по маршруту - http://laravel/map/monsters/attack Параметры POST [] []
[2021-01-16T15:53:50.836429+00:00] name.INFO: _token => F5uUM9BE0LiecNbGS9l907rxOqPiPVFuTyi4s8cC [] []
[2021-01-16T15:53:50.836546+00:00] name.INFO: monsterId => 1 [] []
[2021-01-16T15:57:39.703866+00:00] name.INFO: ------------------ [] []
[2021-01-16T15:57:39.705066+00:00] name.INFO: Пользователь перешел по маршруту - http://laravel/map/monsters/attack Параметры POST [] []
[2021-01-16T15:57:39.705256+00:00] name.INFO: _token => F5uUM9BE0LiecNbGS9l907rxOqPiPVFuTyi4s8cC [] []
[2021-01-16T15:57:39.705372+00:00] name.INFO: monsterId => 1 [] []
[2021-01-16T15:57:56.088150+00:00] name.INFO: ------------------ [] []
[2021-01-16T15:57:56.089046+00:00] name.INFO: Пользователь перешел по маршруту - http://laravel/map/monsters/attack Параметры POST [] []
[2021-01-16T15:57:56.089214+00:00] name.INFO: _token => F5uUM9BE0LiecNbGS9l907rxOqPiPVFuTyi4s8cC [] []
[2021-01-16T15:57:56.089329+00:00] name.INFO: monsterId => 1 [] []
[2021-01-16T15:58:06.638116+00:00] name.INFO: ------------------ [] []
[2021-01-16T15:58:06.639060+00:00] name.INFO: Пользователь перешел по маршруту - http://laravel/map/monsters/attack Параметры POST [] []
[2021-01-16T15:58:06.639232+00:00] name.INFO: _token => F5uUM9BE0LiecNbGS9l907rxOqPiPVFuTyi4s8cC [] []
[2021-01-16T15:58:06.639350+00:00] name.INFO: monsterId => 1 [] []
[2021-01-16T16:03:39.735597+00:00] name.INFO: ------------------ [] []
[2021-01-16T16:03:39.736833+00:00] name.INFO: Пользователь перешел по маршруту - http://laravel/map/monsters/attack Параметры POST [] []
[2021-01-16T16:03:39.737011+00:00] name.INFO: _token => F5uUM9BE0LiecNbGS9l907rxOqPiPVFuTyi4s8cC [] []
[2021-01-16T16:03:39.737157+00:00] name.INFO: monsterId => 1 [] []
[2021-01-16T16:04:00.647456+00:00] name.INFO: ------------------ [] []
[2021-01-16T16:04:00.648312+00:00] name.INFO: Пользователь перешел по маршруту - http://laravel/map/monsters/attack Параметры POST [] []
[2021-01-16T16:04:00.648486+00:00] name.INFO: _token => F5uUM9BE0LiecNbGS9l907rxOqPiPVFuTyi4s8cC [] []
[2021-01-16T16:04:00.648610+00:00] name.INFO: monsterId => 1 [] []
[2021-01-16T16:04:18.745455+00:00] name.INFO: ------------------ [] []
[2021-01-16T16:04:18.746317+00:00] name.INFO: Пользователь перешел по маршруту - http://laravel/map/monsters/attack Параметры POST [] []
[2021-01-16T16:04:18.746483+00:00] name.INFO: _token => F5uUM9BE0LiecNbGS9l907rxOqPiPVFuTyi4s8cC [] []
[2021-01-16T16:04:18.746599+00:00] name.INFO: monsterId => 1 [] []
[2021-01-16T16:04:54.158224+00:00] name.INFO: ------------------ [] []
[2021-01-16T16:04:54.159059+00:00] name.INFO: Пользователь перешел по маршруту - http://laravel/map/monsters/attack Параметры POST [] []
[2021-01-16T16:04:54.159227+00:00] name.INFO: _token => F5uUM9BE0LiecNbGS9l907rxOqPiPVFuTyi4s8cC [] []
[2021-01-16T16:04:54.159345+00:00] name.INFO: monsterId => 1 [] []
[2021-01-16T16:05:27.134466+00:00] name.INFO: ------------------ [] []
[2021-01-16T16:05:27.135319+00:00] name.INFO: Пользователь перешел по маршруту - http://laravel/map/monsters/attack Параметры POST [] []
[2021-01-16T16:05:27.135486+00:00] name.INFO: _token => F5uUM9BE0LiecNbGS9l907rxOqPiPVFuTyi4s8cC [] []
[2021-01-16T16:05:27.135604+00:00] name.INFO: monsterId => 1 [] []
[2021-01-16T16:05:37.073827+00:00] name.INFO: ------------------ [] []
[2021-01-16T16:05:37.074651+00:00] name.INFO: Пользователь перешел по маршруту - http://laravel/buildings Параметры GET [] []
[2021-01-16T16:05:37.836597+00:00] name.INFO: ------------------ [] []
[2021-01-16T16:05:37.837431+00:00] name.INFO: Пользователь перешел по маршруту - http://laravel/buildings/5/upgrade Параметры GET [] []
[2021-01-16T16:05:38.965538+00:00] name.INFO: ------------------ [] []
[2021-01-16T16:05:38.966363+00:00] name.INFO: Пользователь перешел по маршруту - http://laravel/buildings/upgrade Параметры POST [] []
[2021-01-16T16:05:38.966526+00:00] name.INFO: _token => F5uUM9BE0LiecNbGS9l907rxOqPiPVFuTyi4s8cC [] []
[2021-01-16T16:05:38.966641+00:00] name.INFO: id => 5 [] []
[2021-01-16T16:05:39.140918+00:00] name.INFO: ------------------ [] []
[2021-01-16T16:05:39.141727+00:00] name.INFO: Пользователь перешел по маршруту - http://laravel/buildings/5/upgrade Параметры GET [] []
[2021-01-16T16:05:41.325400+00:00] name.INFO: ------------------ [] []
[2021-01-16T16:05:41.326360+00:00] name.INFO: Пользователь перешел по маршруту - http://laravel/buildings Параметры GET [] []
[2021-01-16T16:05:42.747694+00:00] name.INFO: ------------------ [] []
[2021-01-16T16:05:42.748532+00:00] name.INFO: Пользователь перешел по маршруту - http://laravel/buildings/5/upgrade Параметры GET [] []
[2021-01-16T16:05:44.289449+00:00] name.INFO: ------------------ [] []
[2021-01-16T16:05:44.290326+00:00] name.INFO: Пользователь перешел по маршруту - http://laravel/buildings/5/upgrade Параметры GET [] []
[2021-01-16T16:05:45.487241+00:00] name.INFO: ------------------ [] []
[2021-01-16T16:05:45.488042+00:00] name.INFO: Пользователь перешел по маршруту - http://laravel/buildings/5/upgrade Параметры GET [] []
[2021-01-16T16:06:45.381906+00:00] name.INFO: ------------------ [] []
[2021-01-16T16:06:45.382736+00:00] name.INFO: Пользователь перешел по маршруту - http://laravel/buildings/5/upgrade Параметры GET [] []
[2021-01-16T16:07:51.263598+00:00] name.INFO: ------------------ [] []
[2021-01-16T16:07:51.264696+00:00] name.INFO: Пользователь перешел по маршруту - http://laravel/buildings/5/upgrade Параметры GET [] []
[2021-01-16T16:08:08.153059+00:00] name.INFO: ------------------ [] []
[2021-01-16T16:08:08.153893+00:00] name.INFO: Пользователь перешел по маршруту - http://laravel/buildings/5/upgrade Параметры GET [] []
[2021-01-16T16:08:27.781958+00:00] name.INFO: ------------------ [] []
[2021-01-16T16:08:27.782786+00:00] name.INFO: Пользователь перешел по маршруту - http://laravel/buildings/5/upgrade Параметры GET [] []
[2021-01-16T16:08:41.918361+00:00] name.INFO: ------------------ [] []
[2021-01-16T16:08:41.919292+00:00] name.INFO: Пользователь перешел по маршруту - http://laravel/buildings/5/upgrade Параметры GET [] []
[2021-01-16T16:15:21.682113+00:00] name.INFO: ------------------ [] []
[2021-01-16T16:15:21.683415+00:00] name.INFO: Пользователь перешел по маршруту - http://laravel/buildings/5/upgrade Параметры GET [] []
[2021-01-16T16:15:34.656465+00:00] name.INFO: ------------------ [] []
[2021-01-16T16:15:34.657283+00:00] name.INFO: Пользователь перешел по маршруту - http://laravel/buildings/5/upgrade Параметры GET [] []
[2021-01-16T16:15:58.520911+00:00] name.INFO: ------------------ [] []
[2021-01-16T16:15:58.521736+00:00] name.INFO: Пользователь перешел по маршруту - http://laravel/buildings/5/upgrade Параметры GET [] []
[2021-01-16T16:26:28.393816+00:00] name.INFO: ------------------ [] []
[2021-01-16T16:26:28.394999+00:00] name.INFO: Пользователь перешел по маршруту - http://laravel/buildings/5/upgrade Параметры GET [] []
[2021-01-16T16:26:50.610417+00:00] name.INFO: ------------------ [] []
[2021-01-16T16:26:50.611300+00:00] name.INFO: Пользователь перешел по маршруту - http://laravel/buildings/5/upgrade Параметры GET [] []
[2021-01-16T16:27:05.956787+00:00] name.INFO: ------------------ [] []
[2021-01-16T16:27:05.957593+00:00] name.INFO: Пользователь перешел по маршруту - http://laravel/buildings/5/upgrade Параметры GET [] []
[2021-01-16T16:27:14.784526+00:00] name.INFO: ------------------ [] []
[2021-01-16T16:27:14.785336+00:00] name.INFO: Пользователь перешел по маршруту - http://laravel/buildings/5/upgrade Параметры GET [] []
[2021-01-16T16:27:23.325597+00:00] name.INFO: ------------------ [] []
[2021-01-16T16:27:23.326399+00:00] name.INFO: Пользователь перешел по маршруту - http://laravel/buildings/5/upgrade Параметры GET [] []
[2021-01-16T17:15:13.431177+00:00] name.INFO: ------------------ [] []
[2021-01-16T17:15:13.432304+00:00] name.INFO: Пользователь перешел по маршруту - http://laravel/buildings/5/upgrade Параметры GET [] []
[2021-01-16T17:15:59.428354+00:00] name.INFO: ------------------ [] []
[2021-01-16T17:15:59.429227+00:00] name.INFO: Пользователь перешел по маршруту - http://laravel/buildings/5/upgrade Параметры GET [] []
[2021-01-16T17:16:00.565121+00:00] name.INFO: ------------------ [] []
[2021-01-16T17:16:00.566002+00:00] name.INFO: Пользователь перешел по маршруту - http://laravel/mail Параметры GET [] []
[2021-01-16T17:16:01.244680+00:00] name.INFO: ------------------ [] []
[2021-01-16T17:16:01.245502+00:00] name.INFO: Пользователь перешел по маршруту - http://laravel/mail/system_messages Параметры GET [] []
[2021-01-16T17:16:01.784468+00:00] name.INFO: ------------------ [] []
[2021-01-16T17:16:01.785330+00:00] name.INFO: Пользователь перешел по маршруту - http://laravel/mail/system_messages/6 Параметры GET [] []
[2021-01-16T17:16:03.346699+00:00] name.INFO: ------------------ [] []
[2021-01-16T17:16:03.347568+00:00] name.INFO: Пользователь перешел по маршруту - http://laravel/mail/system_messages/5 Параметры GET [] []
[2021-01-16T17:16:04.356609+00:00] name.INFO: ------------------ [] []
[2021-01-16T17:16:04.357542+00:00] name.INFO: Пользователь перешел по маршруту - http://laravel/mail/system_messages/take_items Параметры POST [] []
[2021-01-16T17:16:04.357730+00:00] name.INFO: _token => F5uUM9BE0LiecNbGS9l907rxOqPiPVFuTyi4s8cC [] []
[2021-01-16T17:16:04.357857+00:00] name.INFO: id => 5 [] []
[2021-01-16T17:16:04.530170+00:00] name.INFO: ------------------ [] []
[2021-01-16T17:16:04.531065+00:00] name.INFO: Пользователь перешел по маршруту - http://laravel/mail/system_messages/5 Параметры GET [] []
[2021-01-16T17:16:05.135678+00:00] name.INFO: ------------------ [] []
[2021-01-16T17:16:05.136499+00:00] name.INFO: Пользователь перешел по маршруту - http://laravel/items Параметры GET [] []
[2021-01-16T17:16:06.716459+00:00] name.INFO: ------------------ [] []
[2021-01-16T17:16:06.717261+00:00] name.INFO: Пользователь перешел по маршруту - http://laravel/items/use Параметры POST [] []
[2021-01-16T17:16:06.717426+00:00] name.INFO: _token => F5uUM9BE0LiecNbGS9l907rxOqPiPVFuTyi4s8cC [] []
[2021-01-16T17:16:06.717547+00:00] name.INFO: count => 2 [] []
[2021-01-16T17:16:06.717660+00:00] name.INFO: id => 46 [] []
[2021-01-16T17:16:06.888686+00:00] name.INFO: ------------------ [] []
[2021-01-16T17:16:06.889485+00:00] name.INFO: Пользователь перешел по маршруту - http://laravel/items Параметры GET [] []
[2021-01-16T17:17:01.357733+00:00] name.INFO: ------------------ [] []
[2021-01-16T17:17:01.358601+00:00] name.INFO: Пользователь перешел по маршруту - http://laravel/items Параметры GET [] []
[2021-01-16T17:17:03.789466+00:00] name.INFO: ------------------ [] []
[2021-01-16T17:17:03.790260+00:00] name.INFO: Пользователь перешел по маршруту - http://laravel/items/use Параметры POST [] []
[2021-01-16T17:17:03.790423+00:00] name.INFO: _token => F5uUM9BE0LiecNbGS9l907rxOqPiPVFuTyi4s8cC [] []
[2021-01-16T17:17:03.790537+00:00] name.INFO: count => 1 [] []
[2021-01-16T17:17:03.790649+00:00] name.INFO: id => 46 [] []
[2021-01-16T17:17:03.968994+00:00] name.INFO: ------------------ [] []
[2021-01-16T17:17:03.969924+00:00] name.INFO: Пользователь перешел по маршруту - http://laravel/items Параметры GET [] []
[2021-01-16T17:17:04.987060+00:00] name.INFO: ------------------ [] []
[2021-01-16T17:17:04.987926+00:00] name.INFO: Пользователь перешел по маршруту - http://laravel/mail Параметры GET [] []
[2021-01-16T17:17:06.168275+00:00] name.INFO: ------------------ [] []
[2021-01-16T17:17:06.169130+00:00] name.INFO: Пользователь перешел по маршруту - http://laravel/items Параметры GET [] []
[2021-01-16T17:37:54.724086+00:00] name.INFO: ------------------ [] []
[2021-01-16T17:37:54.725753+00:00] name.INFO: Пользователь перешел по маршруту - http://laravel/items Параметры GET [] []
[2021-01-16T17:37:58.912379+00:00] name.INFO: ------------------ [] []
[2021-01-16T17:37:58.913281+00:00] name.INFO: Пользователь перешел по маршруту - http://laravel/items Параметры GET [] []
[2021-01-16T17:38:00.867640+00:00] name.INFO: ------------------ [] []
[2021-01-16T17:38:00.868576+00:00] name.INFO: Пользователь перешел по маршруту - http://laravel/home Параметры GET [] []
[2021-01-16T17:38:01.786323+00:00] name.INFO: ------------------ [] []
[2021-01-16T17:38:01.787207+00:00] name.INFO: Пользователь перешел по маршруту - http://laravel/buildings Параметры GET [] []
[2021-01-16T17:38:02.965738+00:00] name.INFO: ------------------ [] []
[2021-01-16T17:38:02.966655+00:00] name.INFO: Пользователь перешел по маршруту - http://laravel/buildings/5/upgrade Параметры GET [] []
[2021-01-16T17:38:03.790361+00:00] name.INFO: ------------------ [] []
[2021-01-16T17:38:03.791196+00:00] name.INFO: Пользователь перешел по маршруту - http://laravel/buildings/upgrade Параметры POST [] []
[2021-01-16T17:38:03.791360+00:00] name.INFO: _token => F5uUM9BE0LiecNbGS9l907rxOqPiPVFuTyi4s8cC [] []
[2021-01-16T17:38:03.791477+00:00] name.INFO: id => 5 [] []
[2021-01-16T17:38:03.983777+00:00] name.INFO: ------------------ [] []
[2021-01-16T17:38:03.984650+00:00] name.INFO: Пользователь перешел по маршруту - http://laravel/buildings/5/upgrade Параметры GET [] []
[2021-01-16T17:38:04.690206+00:00] name.INFO: ------------------ [] []
[2021-01-16T17:38:04.691016+00:00] name.INFO: Пользователь перешел по маршруту - http://laravel/buildings Параметры GET [] []
[2021-01-16T17:38:05.566049+00:00] name.INFO: ------------------ [] []
[2021-01-16T17:38:05.566858+00:00] name.INFO: Пользователь перешел по маршруту - http://laravel/mail Параметры GET [] []
[2021-01-16T17:41:52.524160+00:00] name.INFO: ------------------ [] []
[2021-01-16T17:41:52.525165+00:00] name.INFO: Пользователь перешел по маршруту - http://laravel/items Параметры GET [] []
[2021-01-16T17:41:54.544816+00:00] name.INFO: ------------------ [] []
[2021-01-16T17:41:54.545669+00:00] name.INFO: Пользователь перешел по маршруту - http://laravel/items Параметры GET [] []
[2021-01-16T17:41:55.742951+00:00] name.INFO: ------------------ [] []
[2021-01-16T17:41:55.743825+00:00] name.INFO: Пользователь перешел по маршруту - http://laravel/items Параметры GET [] []
[2021-01-16T17:43:00.987647+00:00] name.INFO: ------------------ [] []
[2021-01-16T17:43:00.988469+00:00] name.INFO: Пользователь перешел по маршруту - http://laravel/items Параметры GET [] []
[2021-01-16T17:43:24.364033+00:00] name.INFO: ------------------ [] []
[2021-01-16T17:43:24.364963+00:00] name.INFO: Пользователь перешел по маршруту - http://laravel/items Параметры GET [] []
[2021-01-16T17:43:47.954066+00:00] name.INFO: ------------------ [] []
[2021-01-16T17:43:47.954889+00:00] name.INFO: Пользователь перешел по маршруту - http://laravel/items Параметры GET [] []
[2021-01-16T17:43:59.842610+00:00] name.INFO: ------------------ [] []
[2021-01-16T17:43:59.843790+00:00] name.INFO: Пользователь перешел по маршруту - http://laravel/items Параметры GET [] []
[2021-01-16T17:44:16.836207+00:00] name.INFO: ------------------ [] []
[2021-01-16T17:44:16.837056+00:00] name.INFO: Пользователь перешел по маршруту - http://laravel/items Параметры GET [] []
[2021-01-16T17:44:21.379785+00:00] name.INFO: ------------------ [] []
[2021-01-16T17:44:21.380656+00:00] name.INFO: Пользователь перешел по маршруту - http://laravel/items Параметры GET [] []
[2021-01-16T17:44:48.800714+00:00] name.INFO: ------------------ [] []
[2021-01-16T17:44:48.801529+00:00] name.INFO: Пользователь перешел по маршруту - http://laravel/items Параметры GET [] []
[2021-01-16T17:45:30.144519+00:00] name.INFO: ------------------ [] []
[2021-01-16T17:45:30.145336+00:00] name.INFO: Пользователь перешел по маршруту - http://laravel/items Параметры GET [] []
[2021-01-16T17:45:45.684016+00:00] name.INFO: ------------------ [] []
[2021-01-16T17:45:45.684881+00:00] name.INFO: Пользователь перешел по маршруту - http://laravel/items Параметры GET [] []
[2021-01-16T17:46:09.680478+00:00] name.INFO: ------------------ [] []
[2021-01-16T17:46:09.681468+00:00] name.INFO: Пользователь перешел по маршруту - http://laravel/items Параметры GET [] []
[2021-01-16T17:54:02.049133+00:00] name.INFO: ------------------ [] []
[2021-01-16T17:54:02.050164+00:00] name.INFO: Пользователь перешел по маршруту - http://laravel/items Параметры GET [] []
[2021-01-16T17:54:11.276874+00:00] name.INFO: ------------------ [] []
[2021-01-16T17:54:11.277746+00:00] name.INFO: Пользователь перешел по маршруту - http://laravel/items Параметры GET [] []
[2021-01-16T17:54:28.265589+00:00] name.INFO: ------------------ [] []
[2021-01-16T17:54:28.266444+00:00] name.INFO: Пользователь перешел по маршруту - http://laravel/items Параметры GET [] []
[2021-01-16T18:00:52.027816+00:00] name.INFO: ------------------ [] []
[2021-01-16T18:00:52.028896+00:00] name.INFO: Пользователь перешел по маршруту - http://laravel/items Параметры GET [] []
[2021-01-16T18:00:58.826261+00:00] name.INFO: ------------------ [] []
[2021-01-16T18:00:58.827430+00:00] name.INFO: Пользователь перешел по маршруту - http://laravel/items Параметры GET [] []
[2021-01-16T18:24:35.778606+00:00] name.INFO: ------------------ [] []
[2021-01-16T18:24:35.779796+00:00] name.INFO: Пользователь перешел по маршруту - http://laravel/items Параметры GET [] []
[2021-01-16T18:24:50.516073+00:00] name.INFO: ------------------ [] []
[2021-01-16T18:24:50.516899+00:00] name.INFO: Пользователь перешел по маршруту - http://laravel/items Параметры GET [] []
[2021-01-16T18:24:54.274890+00:00] name.INFO: ------------------ [] []
[2021-01-16T18:24:54.275739+00:00] name.INFO: Пользователь перешел по маршруту - http://laravel/items Параметры GET [] []
[2021-01-16T18:25:10.064567+00:00] name.INFO: ------------------ [] []
[2021-01-16T18:25:10.065578+00:00] name.INFO: Пользователь перешел по маршруту - http://laravel/items Параметры GET [] []
[2021-01-16T18:25:55.458919+00:00] name.INFO: ------------------ [] []
[2021-01-16T18:25:55.459733+00:00] name.INFO: Пользователь перешел по маршруту - http://laravel/items Параметры GET [] []
[2021-01-16T18:26:01.561475+00:00] name.INFO: ------------------ [] []
[2021-01-16T18:26:01.562278+00:00] name.INFO: Пользователь перешел по маршруту - http://laravel/items Параметры GET [] []
[2021-01-16T18:26:12.906175+00:00] name.INFO: ------------------ [] []
[2021-01-16T18:26:12.907020+00:00] name.INFO: Пользователь перешел по маршруту - http://laravel/items Параметры GET [] []
[2021-01-16T18:26:37.812034+00:00] name.INFO: ------------------ [] []
[2021-01-16T18:26:37.813031+00:00] name.INFO: Пользователь перешел по маршруту - http://laravel/items Параметры GET [] []
[2021-01-16T18:26:44.049458+00:00] name.INFO: ------------------ [] []
[2021-01-16T18:26:44.050269+00:00] name.INFO: Пользователь перешел по маршруту - http://laravel/items Параметры GET [] []
[2021-01-16T18:27:02.342926+00:00] name.INFO: ------------------ [] []
[2021-01-16T18:27:02.343749+00:00] name.INFO: Пользователь перешел по маршруту - http://laravel/items Параметры GET [] []
[2021-01-16T18:27:17.045120+00:00] name.INFO: ------------------ [] []
[2021-01-16T18:27:17.046003+00:00] name.INFO: Пользователь перешел по маршруту - http://laravel/items Параметры GET [] []
[2021-01-16T18:27:33.788387+00:00] name.INFO: ------------------ [] []
[2021-01-16T18:27:33.789197+00:00] name.INFO: Пользователь перешел по маршруту - http://laravel/items Параметры GET [] []
[2021-01-16T18:27:55.394341+00:00] name.INFO: ------------------ [] []
[2021-01-16T18:27:55.395184+00:00] name.INFO: Пользователь перешел по маршруту - http://laravel/items Параметры GET [] []
[2021-01-16T18:28:35.021139+00:00] name.INFO: ------------------ [] []
[2021-01-16T18:28:35.021982+00:00] name.INFO: Пользователь перешел по маршруту - http://laravel/items Параметры GET [] []
[2021-01-16T18:28:42.024040+00:00] name.INFO: ------------------ [] []
[2021-01-16T18:28:42.025075+00:00] name.INFO: Пользователь перешел по маршруту - http://laravel/items Параметры GET [] []
[2021-01-16T18:29:00.514658+00:00] name.INFO: ------------------ [] []
[2021-01-16T18:29:00.515454+00:00] name.INFO: Пользователь перешел по маршруту - http://laravel/items Параметры GET [] []
[2021-01-16T18:29:07.629250+00:00] name.INFO: ------------------ [] []
[2021-01-16T18:29:07.630208+00:00] name.INFO: Пользователь перешел по маршруту - http://laravel/items Параметры GET [] []
[2021-01-16T18:29:31.342613+00:00] name.INFO: ------------------ [] []
[2021-01-16T18:29:31.343447+00:00] name.INFO: Пользователь перешел по маршруту - http://laravel/items Параметры GET [] []
[2021-01-16T18:29:40.138784+00:00] name.INFO: ------------------ [] []
[2021-01-16T18:29:40.139617+00:00] name.INFO: Пользователь перешел по маршруту - http://laravel/items Параметры GET [] []
[2021-01-16T18:30:44.764020+00:00] name.INFO: ------------------ [] []
[2021-01-16T18:30:44.765137+00:00] name.INFO: Пользователь перешел по маршруту - http://laravel/items Параметры GET [] []
[2021-01-16T18:30:53.193685+00:00] name.INFO: ------------------ [] []
[2021-01-16T18:30:53.194505+00:00] name.INFO: Пользователь перешел по маршруту - http://laravel/items Параметры GET [] []
[2021-01-16T18:31:19.675443+00:00] name.INFO: ------------------ [] []
[2021-01-16T18:31:19.676259+00:00] name.INFO: Пользователь перешел по маршруту - http://laravel/items Параметры GET [] []
[2021-01-16T18:31:33.784647+00:00] name.INFO: ------------------ [] []
[2021-01-16T18:31:33.785650+00:00] name.INFO: Пользователь перешел по маршруту - http://laravel/items Параметры GET [] []
[2021-01-16T18:31:42.259137+00:00] name.INFO: ------------------ [] []
[2021-01-16T18:31:42.260058+00:00] name.INFO: Пользователь перешел по маршруту - http://laravel/items Параметры GET [] []
[2021-01-16T18:31:54.057584+00:00] name.INFO: ------------------ [] []
[2021-01-16T18:31:54.058379+00:00] name.INFO: Пользователь перешел по маршруту - http://laravel/items Параметры GET [] []
[2021-01-16T18:32:06.263537+00:00] name.INFO: ------------------ [] []
[2021-01-16T18:32:06.264360+00:00] name.INFO: Пользователь перешел по маршруту - http://laravel/items Параметры GET [] []
[2021-01-16T18:32:22.137426+00:00] name.INFO: ------------------ [] []
[2021-01-16T18:32:22.138238+00:00] name.INFO: Пользователь перешел по маршруту - http://laravel/items Параметры GET [] []
[2021-01-16T18:32:26.358246+00:00] name.INFO: ------------------ [] []
[2021-01-16T18:32:26.359175+00:00] name.INFO: Пользователь перешел по маршруту - http://laravel/items Параметры GET [] []
[2021-01-16T18:32:49.169145+00:00] name.INFO: ------------------ [] []
[2021-01-16T18:32:49.170132+00:00] name.INFO: Пользователь перешел по маршруту - http://laravel/items Параметры GET [] []
[2021-01-16T18:33:01.643436+00:00] name.INFO: ------------------ [] []
[2021-01-16T18:33:01.644245+00:00] name.INFO: Пользователь перешел по маршруту - http://laravel/items Параметры GET [] []
[2021-01-16T18:33:12.521484+00:00] name.INFO: ------------------ [] []
[2021-01-16T18:33:12.522409+00:00] name.INFO: Пользователь перешел по маршруту - http://laravel/items Параметры GET [] []
[2021-01-16T18:34:04.000236+00:00] name.INFO: ------------------ [] []
[2021-01-16T18:34:04.001064+00:00] name.INFO: Пользователь перешел по маршруту - http://laravel/items Параметры GET [] []
[2021-01-16T18:34:18.624146+00:00] name.INFO: ------------------ [] []
[2021-01-16T18:34:18.624958+00:00] name.INFO: Пользователь перешел по маршруту - http://laravel/items Параметры GET [] []
[2021-01-16T18:34:31.090047+00:00] name.INFO: ------------------ [] []
[2021-01-16T18:34:31.090869+00:00] name.INFO: Пользователь перешел по маршруту - http://laravel/items Параметры GET [] []
[2021-01-16T18:34:39.845082+00:00] name.INFO: ------------------ [] []
[2021-01-16T18:34:39.846131+00:00] name.INFO: Пользователь перешел по маршруту - http://laravel/items Параметры GET [] []
[2021-01-16T18:34:47.017346+00:00] name.INFO: ------------------ [] []
[2021-01-16T18:34:47.018348+00:00] name.INFO: Пользователь перешел по маршруту - http://laravel/items Параметры GET [] []
[2021-01-16T18:35:15.735708+00:00] name.INFO: ------------------ [] []
[2021-01-16T18:35:15.736784+00:00] name.INFO: Пользователь перешел по маршруту - http://laravel/items Параметры GET [] []
[2021-01-16T18:35:38.260644+00:00] name.INFO: ------------------ [] []
[2021-01-16T18:35:38.261463+00:00] name.INFO: Пользователь перешел по маршруту - http://laravel/items Параметры GET [] []
[2021-01-16T18:35:46.771830+00:00] name.INFO: ------------------ [] []
[2021-01-16T18:35:46.772659+00:00] name.INFO: Пользователь перешел по маршруту - http://laravel/items Параметры GET [] []
[2021-01-16T18:35:55.307613+00:00] name.INFO: ------------------ [] []
[2021-01-16T18:35:55.308404+00:00] name.INFO: Пользователь перешел по маршруту - http://laravel/items Параметры GET [] []
[2021-01-16T18:36:00.793152+00:00] name.INFO: ------------------ [] []
[2021-01-16T18:36:00.793966+00:00] name.INFO: Пользователь перешел по маршруту - http://laravel/items Параметры GET [] []
[2021-01-16T18:36:13.620112+00:00] name.INFO: ------------------ [] []
[2021-01-16T18:36:13.620921+00:00] name.INFO: Пользователь перешел по маршруту - http://laravel/items Параметры GET [] []
[2021-01-16T18:37:06.836428+00:00] name.INFO: ------------------ [] []
[2021-01-16T18:37:06.837237+00:00] name.INFO: Пользователь перешел по маршруту - http://laravel/items Параметры GET [] []
[2021-01-16T18:37:36.013300+00:00] name.INFO: ------------------ [] []
[2021-01-16T18:37:36.014389+00:00] name.INFO: Пользователь перешел по маршруту - http://laravel/items Параметры GET [] []
[2021-01-16T18:38:06.788508+00:00] name.INFO: ------------------ [] []
[2021-01-16T18:38:06.789388+00:00] name.INFO: Пользователь перешел по маршруту - http://laravel/items Параметры GET [] []
[2021-01-16T18:38:15.517056+00:00] name.INFO: ------------------ [] []
[2021-01-16T18:38:15.517865+00:00] name.INFO: Пользователь перешел по маршруту - http://laravel/items Параметры GET [] []
[2021-01-16T18:38:35.269766+00:00] name.INFO: ------------------ [] []
[2021-01-16T18:38:35.270604+00:00] name.INFO: Пользователь перешел по маршруту - http://laravel/items Параметры GET [] []
[2021-01-16T18:40:15.792427+00:00] name.INFO: ------------------ [] []
[2021-01-16T18:40:15.793408+00:00] name.INFO: Пользователь перешел по маршруту - http://laravel/items Параметры GET [] []
[2021-01-16T18:40:25.168111+00:00] name.INFO: ------------------ [] []
[2021-01-16T18:40:25.169303+00:00] name.INFO: Пользователь перешел по маршруту - http://laravel/items Параметры GET [] []
[2021-01-16T18:40:34.548351+00:00] name.INFO: ------------------ [] []
[2021-01-16T18:40:34.549192+00:00] name.INFO: Пользователь перешел по маршруту - http://laravel/items Параметры GET [] []
[2021-01-16T18:40:52.948671+00:00] name.INFO: ------------------ [] []
[2021-01-16T18:40:52.949466+00:00] name.INFO: Пользователь перешел по маршруту - http://laravel/items Параметры GET [] []
[2021-01-16T18:41:00.257005+00:00] name.INFO: ------------------ [] []
[2021-01-16T18:41:00.257819+00:00] name.INFO: Пользователь перешел по маршруту - http://laravel/items Параметры GET [] []
[2021-01-16T18:42:12.895308+00:00] name.INFO: ------------------ [] []
[2021-01-16T18:42:12.896151+00:00] name.INFO: Пользователь перешел по маршруту - http://laravel/home Параметры GET [] []
[2021-01-16T18:42:13.827331+00:00] name.INFO: ------------------ [] []
[2021-01-16T18:42:13.828112+00:00] name.INFO: Пользователь перешел по маршруту - http://laravel/buildings Параметры GET [] []
[2021-01-16T18:42:14.692940+00:00] name.INFO: ------------------ [] []
[2021-01-16T18:42:14.693770+00:00] name.INFO: Пользователь перешел по маршруту - http://laravel/buildings/5/upgrade Параметры GET [] []
[2021-01-16T18:42:15.646889+00:00] name.INFO: ------------------ [] []
[2021-01-16T18:42:15.647680+00:00] name.INFO: Пользователь перешел по маршруту - http://laravel/buildings/upgrade Параметры POST [] []
[2021-01-16T18:42:15.647850+00:00] name.INFO: _token => F5uUM9BE0LiecNbGS9l907rxOqPiPVFuTyi4s8cC [] []
[2021-01-16T18:42:15.647965+00:00] name.INFO: id => 5 [] []
[2021-01-16T18:42:15.824234+00:00] name.INFO: ------------------ [] []
[2021-01-16T18:42:15.825025+00:00] name.INFO: Пользователь перешел по маршруту - http://laravel/buildings/5/upgrade Параметры GET [] []
[2021-01-16T18:42:30.902971+00:00] name.INFO: ------------------ [] []
[2021-01-16T18:42:30.904038+00:00] name.INFO: Пользователь перешел по маршруту - http://laravel/buildings/5/upgrade Параметры GET [] []
[2021-01-16T18:43:47.754810+00:00] name.INFO: ------------------ [] []
[2021-01-16T18:43:47.755627+00:00] name.INFO: Пользователь перешел по маршруту - http://laravel/buildings/5/upgrade Параметры GET [] []
[2021-01-16T18:44:41.236493+00:00] name.INFO: ------------------ [] []
[2021-01-16T18:44:41.237543+00:00] name.INFO: Пользователь перешел по маршруту - http://laravel/buildings/5/upgrade Параметры GET [] []
[2021-01-16T18:44:44.636166+00:00] name.INFO: ------------------ [] []
[2021-01-16T18:44:44.636978+00:00] name.INFO: Пользователь перешел по маршруту - http://laravel/buildings/5/upgrade Параметры GET [] []
[2021-01-16T18:44:48.971350+00:00] name.INFO: ------------------ [] []
[2021-01-16T18:44:48.972151+00:00] name.INFO: Пользователь перешел по маршруту - http://laravel/buildings/5/upgrade Параметры GET [] []
[2021-01-16T18:45:04.422030+00:00] name.INFO: ------------------ [] []
[2021-01-16T18:45:04.422815+00:00] name.INFO: Пользователь перешел по маршруту - http://laravel/home Параметры GET [] []
[2021-01-16T18:45:08.357867+00:00] name.INFO: ------------------ [] []
[2021-01-16T18:45:08.358667+00:00] name.INFO: Пользователь перешел по маршруту - http://laravel/home Параметры GET [] []
[2021-01-16T18:45:11.225228+00:00] name.INFO: ------------------ [] []
[2021-01-16T18:45:11.226057+00:00] name.INFO: Пользователь перешел по маршруту - http://laravel/home Параметры GET [] []
[2021-01-16T18:45:13.522808+00:00] name.INFO: ------------------ [] []
[2021-01-16T18:45:13.523585+00:00] name.INFO: Пользователь перешел по маршруту - http://laravel/home Параметры GET [] []
[2021-01-16T18:45:27.413895+00:00] name.INFO: ------------------ [] []
[2021-01-16T18:45:27.414752+00:00] name.INFO: Пользователь перешел по маршруту - http://laravel/home Параметры GET [] []
[2021-01-16T18:45:33.190061+00:00] name.INFO: ------------------ [] []
[2021-01-16T18:45:33.190881+00:00] name.INFO: Пользователь перешел по маршруту - http://laravel/home Параметры GET [] []
[2021-01-16T18:45:34.609814+00:00] name.INFO: ------------------ [] []
[2021-01-16T18:45:34.610616+00:00] name.INFO: Пользователь перешел по маршруту - http://laravel/home Параметры GET [] []
[2021-01-16T18:45:38.405767+00:00] name.INFO: ------------------ [] []
[2021-01-16T18:45:38.406568+00:00] name.INFO: Пользователь перешел по маршруту - http://laravel/home Параметры GET [] []
[2021-01-16T18:45:51.139259+00:00] name.INFO: ------------------ [] []
[2021-01-16T18:45:51.140170+00:00] name.INFO: Пользователь перешел по маршруту - http://laravel/home Параметры GET [] []
[2021-01-16T18:45:57.807515+00:00] name.INFO: ------------------ [] []
[2021-01-16T18:45:57.808576+00:00] name.INFO: Пользователь перешел по маршруту - http://laravel/home Параметры GET [] []
[2021-01-16T18:46:03.536414+00:00] name.INFO: ------------------ [] []
[2021-01-16T18:46:03.537230+00:00] name.INFO: Пользователь перешел по маршруту - http://laravel/home Параметры GET [] []
[2021-01-16T18:47:22.708518+00:00] name.INFO: ------------------ [] []
[2021-01-16T18:47:22.709517+00:00] name.INFO: Пользователь перешел по маршруту - http://laravel/home Параметры GET [] []
[2021-01-16T18:47:24.700052+00:00] name.INFO: ------------------ [] []
[2021-01-16T18:47:24.700917+00:00] name.INFO: Пользователь перешел по маршруту - http://laravel/home Параметры GET [] []
[2021-01-16T18:48:59.911537+00:00] name.INFO: ------------------ [] []
[2021-01-16T18:48:59.912323+00:00] name.INFO: Пользователь перешел по маршруту - http://laravel/home Параметры GET [] []
[2021-01-16T18:49:09.055473+00:00] name.INFO: ------------------ [] []
[2021-01-16T18:49:09.056405+00:00] name.INFO: Пользователь перешел по маршруту - http://laravel/home Параметры GET [] []
[2021-01-16T18:49:14.766775+00:00] name.INFO: ------------------ [] []
[2021-01-16T18:49:14.767559+00:00] name.INFO: Пользователь перешел по маршруту - http://laravel/home Параметры GET [] []
[2021-01-16T18:49:28.778249+00:00] name.INFO: ------------------ [] []
[2021-01-16T18:49:28.779255+00:00] name.INFO: Пользователь перешел по маршруту - http://laravel/home Параметры GET [] []
[2021-01-16T18:49:56.244443+00:00] name.INFO: ------------------ [] []
[2021-01-16T18:49:56.245227+00:00] name.INFO: Пользователь перешел по маршруту - http://laravel/home Параметры GET [] []
[2021-01-16T18:50:10.116115+00:00] name.INFO: ------------------ [] []
[2021-01-16T18:50:10.116937+00:00] name.INFO: Пользователь перешел по маршруту - http://laravel/home Параметры GET [] []
[2021-01-16T18:50:12.839297+00:00] name.INFO: ------------------ [] []
[2021-01-16T18:50:12.840103+00:00] name.INFO: Пользователь перешел по маршруту - http://laravel/home Параметры GET [] []
[2021-01-16T18:50:23.139454+00:00] name.INFO: ------------------ [] []
[2021-01-16T18:50:23.140298+00:00] name.INFO: Пользователь перешел по маршруту - http://laravel/home Параметры GET [] []
[2021-01-16T18:50:31.362030+00:00] name.INFO: ------------------ [] []
[2021-01-16T18:50:31.362847+00:00] name.INFO: Пользователь перешел по маршруту - http://laravel/home Параметры GET [] []
[2021-01-16T18:50:35.453055+00:00] name.INFO: ------------------ [] []
[2021-01-16T18:50:35.453867+00:00] name.INFO: Пользователь перешел по маршруту - http://laravel/home Параметры GET [] []
[2021-01-16T18:50:40.376532+00:00] name.INFO: ------------------ [] []
[2021-01-16T18:50:40.377461+00:00] name.INFO: Пользователь перешел по маршруту - http://laravel/home Параметры GET [] []
[2021-01-16T18:50:49.220435+00:00] name.INFO: ------------------ [] []
[2021-01-16T18:50:49.221256+00:00] name.INFO: Пользователь перешел по маршруту - http://laravel/home Параметры GET [] []
[2021-01-16T18:50:50.811000+00:00] name.INFO: ------------------ [] []
[2021-01-16T18:50:50.811826+00:00] name.INFO: Пользователь перешел по маршруту - http://laravel/home Параметры GET [] []
[2021-01-16T18:50:54.320750+00:00] name.INFO: ------------------ [] []
[2021-01-16T18:50:54.321578+00:00] name.INFO: Пользователь перешел по маршруту - http://laravel/home Параметры GET [] []
[2021-01-16T18:51:13.136364+00:00] name.INFO: ------------------ [] []
[2021-01-16T18:51:13.137153+00:00] name.INFO: Пользователь перешел по маршруту - http://laravel/home Параметры GET [] []
[2021-01-16T18:51:27.290224+00:00] name.INFO: ------------------ [] []
[2021-01-16T18:51:27.291062+00:00] name.INFO: Пользователь перешел по маршруту - http://laravel/home Параметры GET [] []
[2021-01-16T18:51:39.427763+00:00] name.INFO: ------------------ [] []
[2021-01-16T18:51:39.428786+00:00] name.INFO: Пользователь перешел по маршруту - http://laravel/home Параметры GET [] []
[2021-01-16T18:52:08.337235+00:00] name.INFO: ------------------ [] []
[2021-01-16T18:52:08.338076+00:00] name.INFO: Пользователь перешел по маршруту - http://laravel/home Параметры GET [] []
[2021-01-16T18:52:10.381257+00:00] name.INFO: ------------------ [] []
[2021-01-16T18:52:10.382116+00:00] name.INFO: Пользователь перешел по маршруту - http://laravel/home Параметры GET [] []
[2021-01-16T18:52:22.019558+00:00] name.INFO: ------------------ [] []
[2021-01-16T18:52:22.020365+00:00] name.INFO: Пользователь перешел по маршруту - http://laravel/home Параметры GET [] []
[2021-01-16T18:53:21.327782+00:00] name.INFO: ------------------ [] []
[2021-01-16T18:53:21.328682+00:00] name.INFO: Пользователь перешел по маршруту - http://laravel/home Параметры GET [] []
[2021-01-16T18:53:24.420294+00:00] name.INFO: ------------------ [] []
[2021-01-16T18:53:24.421161+00:00] name.INFO: Пользователь перешел по маршруту - http://laravel/home Параметры GET [] []
[2021-01-16T18:53:26.810039+00:00] name.INFO: ------------------ [] []
[2021-01-16T18:53:26.811060+00:00] name.INFO: Пользователь перешел по маршруту - http://laravel/home Параметры GET [] []
[2021-01-16T18:53:29.560427+00:00] name.INFO: ------------------ [] []
[2021-01-16T18:53:29.561278+00:00] name.INFO: Пользователь перешел по маршруту - http://laravel/home Параметры GET [] []
[2021-01-16T18:53:49.698449+00:00] name.INFO: ------------------ [] []
[2021-01-16T18:53:49.699689+00:00] name.INFO: Пользователь перешел по маршруту - http://laravel/home Параметры GET [] []
[2021-01-16T18:54:14.536036+00:00] name.INFO: ------------------ [] []
[2021-01-16T18:54:14.536843+00:00] name.INFO: Пользователь перешел по маршруту - http://laravel/home Параметры GET [] []
[2021-01-16T19:26:21.208188+00:00] name.INFO: ------------------ [] []
[2021-01-16T19:26:21.209411+00:00] name.INFO: Пользователь перешел по маршруту - http://laravel/home Параметры GET [] []
[2021-01-16T19:26:21.254937+00:00] name.INFO: ------------------ [] []
[2021-01-16T19:26:21.255981+00:00] name.INFO: Пользователь перешел по маршруту - http://laravel/home Параметры GET [] []
[2021-01-16T19:26:21.279243+00:00] name.INFO: ------------------ [] []
[2021-01-16T19:26:21.280298+00:00] name.INFO: Пользователь перешел по маршруту - http://laravel/home Параметры GET [] []
[2021-01-16T19:26:21.282545+00:00] name.INFO: ------------------ [] []
[2021-01-16T19:26:21.283916+00:00] name.INFO: Пользователь перешел по маршруту - http://laravel/home Параметры GET [] []
[2021-01-16T19:26:21.305914+00:00] name.INFO: ------------------ [] []
[2021-01-16T19:26:21.307418+00:00] name.INFO: Пользователь перешел по маршруту - http://laravel/home Параметры GET [] []
[2021-01-16T19:26:21.322378+00:00] name.INFO: ------------------ [] []
[2021-01-16T19:26:21.324967+00:00] name.INFO: Пользователь перешел по маршруту - http://laravel/home Параметры GET [] []
[2021-01-16T19:26:21.818781+00:00] name.INFO: ------------------ [] []
[2021-01-16T19:26:21.821047+00:00] name.INFO: Пользователь перешел по маршруту - http://laravel/home Параметры GET [] []
[2021-01-16T19:27:23.841539+00:00] name.INFO: ------------------ [] []
[2021-01-16T19:27:23.842497+00:00] name.INFO: Пользователь перешел по маршруту - http://laravel/home Параметры GET [] []
[2021-01-16T19:27:24.790806+00:00] name.INFO: ------------------ [] []
[2021-01-16T19:27:24.791741+00:00] name.INFO: Пользователь перешел по маршруту - http://laravel/logout Параметры POST [] []
[2021-01-16T19:27:24.792032+00:00] name.INFO: _token => F5uUM9BE0LiecNbGS9l907rxOqPiPVFuTyi4s8cC [] []
