[2021-01-16T11:51:29.101256+00:00] name.INFO: ------------------ [] []
[2021-01-16T11:51:29.102450+00:00] name.INFO: Пользователь перешел по маршруту - http://laravel Параметры GET [] []
[2021-01-16T11:51:29.635235+00:00] name.INFO: ------------------ [] []
[2021-01-16T11:51:29.636071+00:00] name.INFO: Пользователь перешел по маршруту - http://laravel Параметры GET [] []
[2021-01-16T11:52:50.999115+00:00] name.INFO: ------------------ [] []
[2021-01-16T11:52:51.000162+00:00] name.INFO: Пользователь перешел по маршруту - http://laravel/register Параметры POST [] []
[2021-01-16T11:52:51.000369+00:00] name.INFO: _token => 2hj0uG3HVsyIIeRvFI4cQnu3TlOcMyESrbVoJZmF [] []
[2021-01-16T11:52:51.000975+00:00] name.INFO: login => qweqe [] []
[2021-01-16T11:52:51.001114+00:00] name.INFO: password => http://localhost:8848/ [] []
[2021-01-16T11:52:51.001281+00:00] name.INFO: password_confirmation => http://localhost:8848/ [] []
[2021-01-16T11:53:56.271839+00:00] name.INFO: ------------------ [] []
[2021-01-16T11:53:56.272793+00:00] name.INFO: Пользователь перешел по маршруту - http://laravel Параметры GET [] []
[2021-01-16T11:54:00.329819+00:00] name.INFO: ------------------ [] []
[2021-01-16T11:54:00.330619+00:00] name.INFO: Пользователь перешел по маршруту - http://laravel/register Параметры POST [] []
[2021-01-16T11:54:00.330779+00:00] name.INFO: _token => Lg9rkBl6JpkKUSIQ07yb5o6SxO5GnrT9BtRWa9AJ [] []
[2021-01-16T11:54:00.330934+00:00] name.INFO: login => http://localhost:8848/ [] []
[2021-01-16T11:54:00.331048+00:00] name.INFO: password => http://localhost:8848/ [] []
[2021-01-16T11:54:00.331162+00:00] name.INFO: password_confirmation => http://localhost:8848/ [] []
[2021-01-16T11:55:23.818598+00:00] name.INFO: ------------------ [] []
[2021-01-16T11:55:23.819477+00:00] name.INFO: Пользователь перешел по маршруту - http://laravel Параметры GET [] []
[2021-01-16T11:55:27.513949+00:00] name.INFO: ------------------ [] []
[2021-01-16T11:55:27.514804+00:00] name.INFO: Пользователь перешел по маршруту - http://laravel/register Параметры POST [] []
[2021-01-16T11:55:27.514979+00:00] name.INFO: _token => Lg9rkBl6JpkKUSIQ07yb5o6SxO5GnrT9BtRWa9AJ [] []
[2021-01-16T11:55:27.515097+00:00] name.INFO: login => qwe [] []
[2021-01-16T11:55:27.515212+00:00] name.INFO: password => http://localhost:8848/ [] []
[2021-01-16T11:55:27.515326+00:00] name.INFO: password_confirmation => http://localhost:8848/ [] []
[2021-01-16T11:57:04.965329+00:00] name.INFO: ------------------ [] []
[2021-01-16T11:57:04.966424+00:00] name.INFO: Пользователь перешел по маршруту - http://laravel Параметры GET [] []
[2021-01-16T11:57:07.894787+00:00] name.INFO: ------------------ [] []
[2021-01-16T11:57:07.895780+00:00] name.INFO: Пользователь перешел по маршруту - http://laravel/register Параметры POST [] []
[2021-01-16T11:57:07.896003+00:00] name.INFO: _token => Lg9rkBl6JpkKUSIQ07yb5o6SxO5GnrT9BtRWa9AJ [] []
[2021-01-16T11:57:07.896162+00:00] name.INFO: login => qwe [] []
[2021-01-16T11:57:07.896315+00:00] name.INFO: password => http://localhost:8848/ [] []
[2021-01-16T11:57:07.896467+00:00] name.INFO: password_confirmation => http://localhost:8848/ [] []
[2021-01-16T12:11:11.826173+00:00] name.INFO: ------------------ [] []
[2021-01-16T12:11:11.827277+00:00] name.INFO: Пользователь перешел по маршруту - http://laravel Параметры GET [] []
[2021-01-16T12:11:15.316397+00:00] name.INFO: ------------------ [] []
[2021-01-16T12:11:15.317266+00:00] name.INFO: Пользователь перешел по маршруту - http://laravel/register Параметры POST [] []
[2021-01-16T12:11:15.317475+00:00] name.INFO: _token => Lg9rkBl6JpkKUSIQ07yb5o6SxO5GnrT9BtRWa9AJ [] []
[2021-01-16T12:11:15.317629+00:00] name.INFO: login => qweqwe [] []
[2021-01-16T12:11:15.317819+00:00] name.INFO: password => http://localhost:8848/ [] []
[2021-01-16T12:11:15.317974+00:00] name.INFO: password_confirmation => http://localhost:8848/ [] []
[2021-01-16T12:12:30.763949+00:00] name.INFO: ------------------ [] []
[2021-01-16T12:12:30.764892+00:00] name.INFO: Пользователь перешел по маршруту - http://laravel Параметры GET [] []
[2021-01-16T12:12:34.225229+00:00] name.INFO: ------------------ [] []
[2021-01-16T12:12:34.226003+00:00] name.INFO: Пользователь перешел по маршруту - http://laravel/register Параметры POST [] []
[2021-01-16T12:12:34.226162+00:00] name.INFO: _token => U8yvXE3u028LVIkIDVH169VldkU9QtBZeBhwEztd [] []
[2021-01-16T12:12:34.226277+00:00] name.INFO: login => 123 [] []
[2021-01-16T12:12:34.226392+00:00] name.INFO: password => http://localhost:8848/ [] []
[2021-01-16T12:12:34.226504+00:00] name.INFO: password_confirmation => http://localhost:8848/ [] []
[2021-01-16T12:19:44.638506+00:00] name.INFO: ------------------ [] []
[2021-01-16T12:19:44.639536+00:00] name.INFO: Пользователь перешел по маршруту - http://laravel Параметры GET [] []
[2021-01-16T12:19:48.045414+00:00] name.INFO: ------------------ [] []
[2021-01-16T12:19:48.046307+00:00] name.INFO: Пользователь перешел по маршруту - http://laravel/register Параметры POST [] []
[2021-01-16T12:19:48.046484+00:00] name.INFO: _token => U8yvXE3u028LVIkIDVH169VldkU9QtBZeBhwEztd [] []
[2021-01-16T12:19:48.046611+00:00] name.INFO: login => ewqeq [] []
[2021-01-16T12:19:48.046733+00:00] name.INFO: password => http://localhost:8848/ [] []
[2021-01-16T12:19:48.046856+00:00] name.INFO: password_confirmation => http://localhost:8848/ [] []
[2021-01-16T12:22:07.200647+00:00] name.INFO: ------------------ [] []
[2021-01-16T12:22:07.201655+00:00] name.INFO: Пользователь перешел по маршруту - http://laravel Параметры GET [] []
[2021-01-16T12:22:11.214081+00:00] name.INFO: ------------------ [] []
[2021-01-16T12:22:11.214946+00:00] name.INFO: Пользователь перешел по маршруту - http://laravel/register Параметры POST [] []
[2021-01-16T12:22:11.215178+00:00] name.INFO: _token => ePiHxE8ABy6dUpkA36vOYiLOKv1vQFUU3ZlXIrQV [] []
[2021-01-16T12:22:11.215354+00:00] name.INFO: login => 123 [] []
[2021-01-16T12:22:11.215528+00:00] name.INFO: password => public $timestamps = false; [] []
[2021-01-16T12:22:11.215703+00:00] name.INFO: password_confirmation => public $timestamps = false; [] []
[2021-01-16T12:23:20.927168+00:00] name.INFO: ------------------ [] []
[2021-01-16T12:23:20.928555+00:00] name.INFO: Пользователь перешел по маршруту - http://laravel Параметры GET [] []
[2021-01-16T12:23:24.041976+00:00] name.INFO: ------------------ [] []
[2021-01-16T12:23:24.042833+00:00] name.INFO: Пользователь перешел по маршруту - http://laravel/register Параметры POST [] []
[2021-01-16T12:23:24.043036+00:00] name.INFO: _token => xKS1MWhHonpQtryIJ9dss3PnMb53MOtsVygMuEZq [] []
[2021-01-16T12:23:24.043189+00:00] name.INFO: login => qewwqe [] []
[2021-01-16T12:23:24.043339+00:00] name.INFO: password =>    public $timestamps = false; [] []
[2021-01-16T12:23:24.043490+00:00] name.INFO: password_confirmation =>    public $timestamps = false; [] []
[2021-01-16T12:24:05.781803+00:00] name.INFO: ------------------ [] []
[2021-01-16T12:24:05.782822+00:00] name.INFO: Пользователь перешел по маршруту - http://laravel Параметры GET [] []
[2021-01-16T12:24:09.253654+00:00] name.INFO: ------------------ [] []
[2021-01-16T12:24:09.254672+00:00] name.INFO: Пользователь перешел по маршруту - http://laravel/register Параметры POST [] []
[2021-01-16T12:24:09.254945+00:00] name.INFO: _token => mcU9k6VMWyw9SIKYcS01g3KZLeuzWEFjZ9BcBGMR [] []
[2021-01-16T12:24:09.255101+00:00] name.INFO: login => qewqwe [] []
[2021-01-16T12:24:09.255293+00:00] name.INFO: password =>    public $timestamps = false; [] []
[2021-01-16T12:24:09.255448+00:00] name.INFO: password_confirmation =>    public $timestamps = false; [] []
[2021-01-16T12:24:11.090014+00:00] name.INFO: ------------------ [] []
[2021-01-16T12:24:11.091014+00:00] name.INFO: Пользователь перешел по маршруту - http://laravel Параметры GET [] []
[2021-01-16T12:25:15.103846+00:00] name.INFO: ------------------ [] []
[2021-01-16T12:25:15.105644+00:00] name.INFO: Пользователь перешел по маршруту - http://laravel Параметры GET [] []
[2021-01-16T12:25:19.668401+00:00] name.INFO: ------------------ [] []
[2021-01-16T12:25:19.669231+00:00] name.INFO: Пользователь перешел по маршруту - http://laravel/register Параметры POST [] []
[2021-01-16T12:25:19.669409+00:00] name.INFO: _token => jwsCrdeRlTti10xwX05dq9i4up6vwhb4ubF7EBc5 [] []
[2021-01-16T12:25:19.669538+00:00] name.INFO: login => qweqwe [] []
[2021-01-16T12:25:19.669662+00:00] name.INFO: password =>    public $timestamps = false; [] []
[2021-01-16T12:25:19.669787+00:00] name.INFO: password_confirmation =>    public $timestamps = false; [] []
[2021-01-16T12:27:23.702896+00:00] name.INFO: ------------------ [] []
[2021-01-16T12:27:23.703923+00:00] name.INFO: Пользователь перешел по маршруту - http://laravel Параметры GET [] []
[2021-01-16T12:27:30.012100+00:00] name.INFO: ------------------ [] []
[2021-01-16T12:27:30.012983+00:00] name.INFO: Пользователь перешел по маршруту - http://laravel/register Параметры POST [] []
[2021-01-16T12:27:30.013210+00:00] name.INFO: _token => A6Wsk5ycEuJYTshrLDXiU6ZOXRYYU6h5XIcIhC3X [] []
[2021-01-16T12:27:30.013382+00:00] name.INFO: login => qe [] []
[2021-01-16T12:27:30.013553+00:00] name.INFO: password => public function setAttribute($key, $value)   {     $isRememberTokenAttribute = $key == $this->getRememberTokenName();     if (!$isRememberTokenAttribute)     {       parent::setAttribute($key, $value);     }   } [] []
[2021-01-16T12:27:30.013723+00:00] name.INFO: password_confirmation => public function setAttribute($key, $value)   {     $isRememberTokenAttribute = $key == $this->getRememberTokenName();     if (!$isRememberTokenAttribute)     {       parent::setAttribute($key, $value);     }   } [] []
[2021-01-16T12:32:08.653166+00:00] name.INFO: ------------------ [] []
[2021-01-16T12:32:08.654313+00:00] name.INFO: Пользователь перешел по маршруту - http://laravel Параметры GET [] []
[2021-01-16T12:32:11.984378+00:00] name.INFO: ------------------ [] []
[2021-01-16T12:32:11.985176+00:00] name.INFO: Пользователь перешел по маршруту - http://laravel/register Параметры POST [] []
[2021-01-16T12:32:11.985363+00:00] name.INFO: _token => e8tG8oG9eOE9jr9xLR8bnc0jbm1ckD5aBQ6djylk [] []
[2021-01-16T12:32:11.985485+00:00] name.INFO: login => eqweq [] []
[2021-01-16T12:32:11.985605+00:00] name.INFO: password => public function setAttribute($key, $value)   {     $isRememberTokenAttribute = $key == $this->getRememberTokenName();     if (!$isRememberTokenAttribute)     {       parent::setAttribute($key, $value);     }   } [] []
[2021-01-16T12:32:11.985725+00:00] name.INFO: password_confirmation => public function setAttribute($key, $value)   {     $isRememberTokenAttribute = $key == $this->getRememberTokenName();     if (!$isRememberTokenAttribute)     {       parent::setAttribute($key, $value);     }   } [] []
[2021-01-16T12:36:54.144275+00:00] name.INFO: ------------------ [] []
[2021-01-16T12:36:54.145564+00:00] name.INFO: Пользователь перешел по маршруту - http://laravel Параметры GET [] []
[2021-01-16T12:37:06.180210+00:00] name.INFO: ------------------ [] []
[2021-01-16T12:37:06.181100+00:00] name.INFO: Пользователь перешел по маршруту - http://laravel Параметры GET [] []
[2021-01-16T12:37:06.312942+00:00] name.INFO: ------------------ [] []
[2021-01-16T12:37:06.313958+00:00] name.INFO: Пользователь перешел по маршруту - http://laravel Параметры GET [] []
[2021-01-16T12:37:06.463716+00:00] name.INFO: ------------------ [] []
[2021-01-16T12:37:06.464840+00:00] name.INFO: Пользователь перешел по маршруту - http://laravel Параметры GET [] []
[2021-01-16T12:37:06.533022+00:00] name.INFO: ------------------ [] []
[2021-01-16T12:37:06.536254+00:00] name.INFO: Пользователь перешел по маршруту - http://laravel Параметры GET [] []
[2021-01-16T12:37:06.713931+00:00] name.INFO: ------------------ [] []
[2021-01-16T12:37:06.714967+00:00] name.INFO: Пользователь перешел по маршруту - http://laravel Параметры GET [] []
[2021-01-16T12:37:07.620044+00:00] name.INFO: ------------------ [] []
[2021-01-16T12:37:07.620892+00:00] name.INFO: Пользователь перешел по маршруту - http://laravel Параметры GET [] []
[2021-01-16T12:38:29.004779+00:00] name.INFO: ------------------ [] []
[2021-01-16T12:38:29.005665+00:00] name.INFO: Пользователь перешел по маршруту - http://laravel Параметры GET [] []
[2021-01-16T12:38:29.293863+00:00] name.INFO: ------------------ [] []
[2021-01-16T12:38:29.294852+00:00] name.INFO: Пользователь перешел по маршруту - http://laravel Параметры GET [] []
[2021-01-16T12:38:29.300288+00:00] name.INFO: ------------------ [] []
[2021-01-16T12:38:29.301241+00:00] name.INFO: Пользователь перешел по маршруту - http://laravel Параметры GET [] []
[2021-01-16T12:38:29.334629+00:00] name.INFO: ------------------ [] []
[2021-01-16T12:38:29.335525+00:00] name.INFO: Пользователь перешел по маршруту - http://laravel Параметры GET [] []
[2021-01-16T12:38:29.371199+00:00] name.INFO: ------------------ [] []
[2021-01-16T12:38:29.372160+00:00] name.INFO: Пользователь перешел по маршруту - http://laravel Параметры GET [] []
[2021-01-16T12:38:30.134377+00:00] name.INFO: ------------------ [] []
[2021-01-16T12:38:30.135640+00:00] name.INFO: Пользователь перешел по маршруту - http://laravel Параметры GET [] []
[2021-01-16T12:39:10.202659+00:00] name.INFO: ------------------ [] []
[2021-01-16T12:39:10.203776+00:00] name.INFO: Пользователь перешел по маршруту - http://laravel/register Параметры POST [] []
[2021-01-16T12:39:10.203972+00:00] name.INFO: _token => e8tG8oG9eOE9jr9xLR8bnc0jbm1ckD5aBQ6djylk [] []
[2021-01-16T12:39:10.204091+00:00] name.INFO: login => qwewq [] []
[2021-01-16T12:39:10.204206+00:00] name.INFO: password => public function setAttribute($key, $value)   {     $isRememberTokenAttribute = $key == $this->getRememberTokenName();     if (!$isRememberTokenAttribute)     {       parent::setAttribute($key, $value);     }   } [] []
[2021-01-16T12:39:10.204320+00:00] name.INFO: password_confirmation => public function setAttribute($key, $value)   {     $isRememberTokenAttribute = $key == $this->getRememberTokenName();     if (!$isRememberTokenAttribute)     {       parent::setAttribute($key, $value);     }   } [] []
[2021-01-16T12:39:37.678492+00:00] name.INFO: ------------------ [] []
[2021-01-16T12:39:37.679436+00:00] name.INFO: Пользователь перешел по маршруту - http://laravel Параметры GET [] []
[2021-01-16T12:39:40.677372+00:00] name.INFO: ------------------ [] []
[2021-01-16T12:39:40.678167+00:00] name.INFO: Пользователь перешел по маршруту - http://laravel/register Параметры POST [] []
[2021-01-16T12:39:40.678337+00:00] name.INFO: _token => FGe3hzeUVSQinKHK8qWpeb37k5LbyEaemS92dgcG [] []
[2021-01-16T12:39:40.678460+00:00] name.INFO: login => asd [] []
[2021-01-16T12:39:40.678618+00:00] name.INFO: password => public function setAttribute($key, $value)   {     $isRememberTokenAttribute = $key == $this->getRememberTokenName();     if (!$isRememberTokenAttribute)     {       parent::setAttribute($key, $value);     }   } [] []
[2021-01-16T12:39:40.678741+00:00] name.INFO: password_confirmation => public function setAttribute($key, $value)   {     $isRememberTokenAttribute = $key == $this->getRememberTokenName();     if (!$isRememberTokenAttribute)     {       parent::setAttribute($key, $value);     }   } [] []
[2021-01-16T14:14:24.250024+00:00] name.INFO: ------------------ [] []
[2021-01-16T14:14:24.250993+00:00] name.INFO: Пользователь перешел по маршруту - http://laravel Параметры GET [] []
[2021-01-16T14:14:28.372808+00:00] name.INFO: ------------------ [] []
[2021-01-16T14:14:28.374243+00:00] name.INFO: Пользователь перешел по маршруту - http://laravel/register Параметры POST [] []
[2021-01-16T14:14:28.374450+00:00] name.INFO: _token => 6jJOPd1Ess5T3OuQ35f8uVAxev5qtEva4EwNPijU [] []
[2021-01-16T14:14:28.374581+00:00] name.INFO: login => qwqwe [] []
[2021-01-16T14:14:28.374750+00:00] name.INFO: password => Auth::routes(); [] []
[2021-01-16T14:14:28.374927+00:00] name.INFO: password_confirmation => Auth::routes(); [] []
[2021-01-16T14:16:07.921648+00:00] name.INFO: ------------------ [] []
[2021-01-16T14:16:07.922604+00:00] name.INFO: Пользователь перешел по маршруту - http://laravel Параметры GET [] []
[2021-01-16T14:18:26.507917+00:00] name.INFO: ------------------ [] []
[2021-01-16T14:18:26.508910+00:00] name.INFO: Пользователь перешел по маршруту - http://laravel Параметры GET [] []
[2021-01-16T14:18:31.223625+00:00] name.INFO: ------------------ [] []
[2021-01-16T14:18:31.224442+00:00] name.INFO: Пользователь перешел по маршруту - http://laravel/register Параметры POST [] []
[2021-01-16T14:18:31.224604+00:00] name.INFO: _token => y57oLbHKVirJISkyBBb5qy426DiErpBkSK33EOcH [] []
[2021-01-16T14:18:31.224720+00:00] name.INFO: login => sadad [] []
[2021-01-16T14:18:31.224839+00:00] name.INFO: password => Auth::routes(); [] []
[2021-01-16T14:18:31.224951+00:00] name.INFO: password_confirmation => Auth::routes(); [] []
[2021-01-16T14:35:50.336383+00:00] name.INFO: ------------------ [] []
[2021-01-16T14:35:50.337770+00:00] name.INFO: Пользователь перешел по маршруту - http://laravel Параметры GET [] []
[2021-01-16T14:35:50.912480+00:00] name.INFO: ------------------ [] []
[2021-01-16T14:35:50.913681+00:00] name.INFO: Пользователь перешел по маршруту - http://laravel Параметры GET [] []
[2021-01-16T14:35:50.930805+00:00] name.INFO: ------------------ [] []
[2021-01-16T14:35:50.933678+00:00] name.INFO: Пользователь перешел по маршруту - http://laravel Параметры GET [] []
[2021-01-16T14:35:51.049121+00:00] name.INFO: ------------------ [] []
[2021-01-16T14:35:51.050936+00:00] name.INFO: Пользователь перешел по маршруту - http://laravel Параметры GET [] []
[2021-01-16T14:35:51.068722+00:00] name.INFO: ------------------ [] []
[2021-01-16T14:35:51.069840+00:00] name.INFO: Пользователь перешел по маршруту - http://laravel Параметры GET [] []
[2021-01-16T14:35:51.100964+00:00] name.INFO: ------------------ [] []
[2021-01-16T14:35:51.102054+00:00] name.INFO: Пользователь перешел по маршруту - http://laravel Параметры GET [] []
[2021-01-16T14:35:51.133334+00:00] name.INFO: ------------------ [] []
[2021-01-16T14:35:51.136219+00:00] name.INFO: Пользователь перешел по маршруту - http://laravel Параметры GET [] []
[2021-01-16T14:35:51.187007+00:00] name.INFO: ------------------ [] []
[2021-01-16T14:35:51.188548+00:00] name.INFO: Пользователь перешел по маршруту - http://laravel Параметры GET [] []
[2021-01-16T14:35:51.648684+00:00] name.INFO: ------------------ [] []
[2021-01-16T14:35:51.650091+00:00] name.INFO: Пользователь перешел по маршруту - http://laravel Параметры GET [] []
[2021-01-16T14:35:54.900007+00:00] name.INFO: ------------------ [] []
[2021-01-16T14:35:54.900936+00:00] name.INFO: Пользователь перешел по маршруту - http://laravel/register Параметры POST [] []
[2021-01-16T14:35:54.901122+00:00] name.INFO: _token => XtBNphwpaa7zBsdO8DJmb6wGr4wCBkVofPGyUWsq [] []
[2021-01-16T14:35:54.901394+00:00] name.INFO: login => qwewqe [] []
[2021-01-16T14:35:54.901565+00:00] name.INFO: password => ALTER TABLE `data`.`user_buildings` AUTO_INCREMENT=0; [] []
[2021-01-16T14:35:54.901713+00:00] name.INFO: password_confirmation => ALTER TABLE `data`.`user_buildings` AUTO_INCREMENT=0; [] []
[2021-01-16T14:36:01.434336+00:00] name.INFO: ------------------ [] []
[2021-01-16T14:36:01.435298+00:00] name.INFO: Пользователь перешел по маршруту - http://laravel Параметры GET [] []
[2021-01-16T14:36:03.395224+00:00] name.INFO: ------------------ [] []
[2021-01-16T14:36:03.396053+00:00] name.INFO: Пользователь перешел по маршруту - http://laravel Параметры GET [] []
[2021-01-16T14:36:06.289214+00:00] name.INFO: ------------------ [] []
[2021-01-16T14:36:06.290250+00:00] name.INFO: Пользователь перешел по маршруту - http://laravel/register Параметры POST [] []
[2021-01-16T14:36:06.290480+00:00] name.INFO: _token => F5uUM9BE0LiecNbGS9l907rxOqPiPVFuTyi4s8cC [] []
[2021-01-16T14:36:06.290602+00:00] name.INFO: login => qwewq [] []
[2021-01-16T14:36:06.290720+00:00] name.INFO: password => ALTER TABLE `data`.`user_buildings` AUTO_INCREMENT=0; [] []
[2021-01-16T14:36:06.290836+00:00] name.INFO: password_confirmation => ALTER TABLE `data`.`user_buildings` AUTO_INCREMENT=0; [] []
[2021-01-16T14:42:47.598534+00:00] name.INFO: ------------------ [] []
[2021-01-16T14:42:47.599665+00:00] name.INFO: Пользователь перешел по маршруту - http://laravel Параметры GET [] []
[2021-01-16T14:45:08.494370+00:00] name.INFO: ------------------ [] []
[2021-01-16T14:45:08.495575+00:00] name.INFO: Пользователь перешел по маршруту - http://laravel Параметры GET [] []
[2021-01-16T14:45:18.088195+00:00] name.INFO: ------------------ [] []
[2021-01-16T14:45:18.089210+00:00] name.INFO: Пользователь перешел по маршруту - http://laravel Параметры GET [] []
[2021-01-16T14:45:18.592359+00:00] name.INFO: ------------------ [] []
[2021-01-16T14:45:18.593936+00:00] name.INFO: Пользователь перешел по маршруту - http://laravel Параметры GET [] []
[2021-01-16T14:45:18.595213+00:00] name.INFO: ------------------ [] []
[2021-01-16T14:45:18.596274+00:00] name.INFO: Пользователь перешел по маршруту - http://laravel Параметры GET [] []
[2021-01-16T14:45:19.228272+00:00] name.INFO: ------------------ [] []
[2021-01-16T14:45:19.229390+00:00] name.INFO: Пользователь перешел по маршруту - http://laravel Параметры GET [] []
[2021-01-16T14:45:19.310178+00:00] name.INFO: ------------------ [] []
[2021-01-16T14:45:19.311276+00:00] name.INFO: Пользователь перешел по маршруту - http://laravel Параметры GET [] []
[2021-01-16T14:45:20.106669+00:00] name.INFO: ------------------ [] []
[2021-01-16T14:45:20.107615+00:00] name.INFO: Пользователь перешел по маршруту - http://laravel Параметры GET [] []
[2021-01-16T14:45:56.119479+00:00] name.INFO: ------------------ [] []
[2021-01-16T14:45:56.120403+00:00] name.INFO: Пользователь перешел по маршруту - http://laravel Параметры GET [] []
[2021-01-16T14:46:01.213924+00:00] name.INFO: ------------------ [] []
[2021-01-16T14:46:01.214853+00:00] name.INFO: Пользователь перешел по маршруту - http://laravel Параметры GET [] []
[2021-01-16T14:46:10.497116+00:00] name.INFO: ------------------ [] []
[2021-01-16T14:46:10.497975+00:00] name.INFO: Пользователь перешел по маршруту - http://laravel Параметры GET [] []
[2021-01-16T14:46:10.497366+00:00] name.INFO: ------------------ [] []
[2021-01-16T14:46:10.498307+00:00] name.INFO: Пользователь перешел по маршруту - http://laravel Параметры GET [] []
[2021-01-16T14:46:10.629998+00:00] name.INFO: ------------------ [] []
[2021-01-16T14:46:10.631212+00:00] name.INFO: Пользователь перешел по маршруту - http://laravel Параметры GET [] []
[2021-01-16T14:46:10.642654+00:00] name.INFO: ------------------ [] []
[2021-01-16T14:46:10.643671+00:00] name.INFO: Пользователь перешел по маршруту - http://laravel Параметры GET [] []
[2021-01-16T14:46:11.826277+00:00] name.INFO: ------------------ [] []
[2021-01-16T14:46:11.827237+00:00] name.INFO: Пользователь перешел по маршруту - http://laravel Параметры GET [] []
[2021-01-16T14:46:11.943323+00:00] name.INFO: ------------------ [] []
[2021-01-16T14:46:11.944275+00:00] name.INFO: Пользователь перешел по маршруту - http://laravel Параметры GET [] []
[2021-01-16T14:46:12.027948+00:00] name.INFO: ------------------ [] []
[2021-01-16T14:46:12.028802+00:00] name.INFO: Пользователь перешел по маршруту - http://laravel Параметры GET [] []
[2021-01-16T14:46:12.121182+00:00] name.INFO: ------------------ [] []
[2021-01-16T14:46:12.122040+00:00] name.INFO: Пользователь перешел по маршруту - http://laravel Параметры GET [] []
[2021-01-16T14:46:12.136796+00:00] name.INFO: ------------------ [] []
[2021-01-16T14:46:12.137651+00:00] name.INFO: Пользователь перешел по маршруту - http://laravel Параметры GET [] []
[2021-01-16T14:46:12.193007+00:00] name.INFO: ------------------ [] []
[2021-01-16T14:46:12.193868+00:00] name.INFO: Пользователь перешел по маршруту - http://laravel Параметры GET [] []
[2021-01-16T14:46:12.361749+00:00] name.INFO: ------------------ [] []
[2021-01-16T14:46:12.362922+00:00] name.INFO: Пользователь перешел по маршруту - http://laravel Параметры GET [] []
[2021-01-16T14:46:12.369922+00:00] name.INFO: ------------------ [] []
[2021-01-16T14:46:12.370893+00:00] name.INFO: Пользователь перешел по маршруту - http://laravel Параметры GET [] []
[2021-01-16T14:53:20.281729+00:00] name.INFO: ------------------ [] []
[2021-01-16T14:53:20.283050+00:00] name.INFO: Пользователь перешел по маршруту - http://laravel Параметры GET [] []
[2021-01-16T14:53:47.694769+00:00] name.INFO: ------------------ [] []
[2021-01-16T14:53:47.695727+00:00] name.INFO: Пользователь перешел по маршруту - http://laravel Параметры GET [] []
[2021-01-16T14:54:28.588667+00:00] name.INFO: ------------------ [] []
[2021-01-16T14:54:28.589700+00:00] name.INFO: Пользователь перешел по маршруту - http://laravel Параметры GET [] []
[2021-01-16T14:56:33.114585+00:00] name.INFO: ------------------ [] []
[2021-01-16T14:56:33.115706+00:00] name.INFO: Пользователь перешел по маршруту - http://laravel Параметры GET [] []
[2021-01-16T14:58:35.912006+00:00] name.INFO: ------------------ [] []
[2021-01-16T14:58:35.913199+00:00] name.INFO: Пользователь перешел по маршруту - http://laravel Параметры GET [] []
[2021-01-16T14:58:55.760777+00:00] name.INFO: ------------------ [] []
[2021-01-16T14:58:55.761766+00:00] name.INFO: Пользователь перешел по маршруту - http://laravel Параметры GET [] []
[2021-01-16T14:59:13.080575+00:00] name.INFO: ------------------ [] []
[2021-01-16T14:59:13.081518+00:00] name.INFO: Пользователь перешел по маршруту - http://laravel Параметры GET [] []
[2021-01-16T14:59:19.865219+00:00] name.INFO: ------------------ [] []
[2021-01-16T14:59:19.866192+00:00] name.INFO: Пользователь перешел по маршруту - http://laravel Параметры GET [] []
[2021-01-16T14:59:42.151759+00:00] name.INFO: ------------------ [] []
[2021-01-16T14:59:42.152707+00:00] name.INFO: Пользователь перешел по маршруту - http://laravel Параметры GET [] []
[2021-01-16T15:00:33.877020+00:00] name.INFO: ------------------ [] []
[2021-01-16T15:00:33.878044+00:00] name.INFO: Пользователь перешел по маршруту - http://laravel Параметры GET [] []
[2021-01-16T15:01:01.242026+00:00] name.INFO: ------------------ [] []
[2021-01-16T15:01:01.243011+00:00] name.INFO: Пользователь перешел по маршруту - http://laravel Параметры GET [] []
[2021-01-16T15:01:01.242325+00:00] name.INFO: ------------------ [] []
[2021-01-16T15:01:01.243246+00:00] name.INFO: Пользователь перешел по маршруту - http://laravel Параметры GET [] []
[2021-01-16T15:01:01.242739+00:00] name.INFO: ------------------ [] []
[2021-01-16T15:01:01.243689+00:00] name.INFO: Пользователь перешел по маршруту - http://laravel Параметры GET [] []
[2021-01-16T15:01:01.276097+00:00] name.INFO: ------------------ [] []
[2021-01-16T15:01:01.277563+00:00] name.INFO: Пользователь перешел по маршруту - http://laravel Параметры GET [] []
[2021-01-16T15:01:01.479859+00:00] name.INFO: ------------------ [] []
[2021-01-16T15:01:01.480879+00:00] name.INFO: Пользователь перешел по маршруту - http://laravel Параметры GET [] []
[2021-01-16T15:01:01.595218+00:00] name.INFO: ------------------ [] []
[2021-01-16T15:01:01.596280+00:00] name.INFO: Пользователь перешел по маршруту - http://laravel Параметры GET [] []
[2021-01-16T15:01:02.478710+00:00] name.INFO: ------------------ [] []
[2021-01-16T15:01:02.479875+00:00] name.INFO: Пользователь перешел по маршруту - http://laravel Параметры GET [] []
[2021-01-16T15:01:02.832106+00:00] name.INFO: ------------------ [] []
[2021-01-16T15:01:02.833121+00:00] name.INFO: Пользователь перешел по маршруту - http://laravel Параметры GET [] []
[2021-01-16T15:01:11.310027+00:00] name.INFO: ------------------ [] []
[2021-01-16T15:01:11.311008+00:00] name.INFO: Пользователь перешел по маршруту - http://laravel/register Параметры POST [] []
[2021-01-16T15:01:11.311337+00:00] name.INFO: _token => F5uUM9BE0LiecNbGS9l907rxOqPiPVFuTyi4s8cC [] []
[2021-01-16T15:01:11.311583+00:00] name.INFO: login => asda [] []
[2021-01-16T15:01:11.311768+00:00] name.INFO: password =>   - Element 'php': Character content other than whitespace is not allowed because the content type is 'element-only'. [] []
[2021-01-16T15:01:11.311952+00:00] name.INFO: password_confirmation =>   - Element 'php': Character content other than whitespace is not allowed because the content type is 'element-only'. [] []
[2021-01-16T19:27:24.958415+00:00] name.INFO: ------------------ [] []
[2021-01-16T19:27:24.959833+00:00] name.INFO: Пользователь перешел по маршруту - http://laravel Параметры GET [] []
[2021-01-16T19:27:28.199242+00:00] name.INFO: ------------------ [] []
[2021-01-16T19:27:28.200151+00:00] name.INFO: Пользователь перешел по маршруту - http://laravel/register Параметры POST [] []
[2021-01-16T19:27:28.200583+00:00] name.INFO: _token => 0Ya3OJWzErXHJGyQVuVfnt5pZzVa1pIfScSnFvHQ [] []
[2021-01-16T19:27:28.200777+00:00] name.INFO: login => йцуйцу [] []
[2021-01-16T19:27:28.200996+00:00] name.INFO: password => b68a-wbj3-w9qa-jhh6-9rhv [] []
[2021-01-16T19:27:28.201176+00:00] name.INFO: password_confirmation => b68a-wbj3-w9qa-jhh6-9rhv [] []
[2021-01-17T05:46:11.644377+00:00] name.INFO: ------------------ [] []
[2021-01-17T05:46:11.646272+00:00] name.INFO: Пользователь перешел по маршруту - http://laravel Параметры GET [] []
[2021-01-17T05:50:47.786045+00:00] name.INFO: ------------------ [] []
[2021-01-17T05:50:47.786981+00:00] name.INFO: Пользователь перешел по маршруту - http://laravel Параметры GET [] []
[2021-01-17T05:51:24.944555+00:00] name.INFO: ------------------ [] []
[2021-01-17T05:51:24.945321+00:00] name.INFO: Пользователь перешел по маршруту - http://laravel Параметры GET [] []
[2021-01-17T05:51:27.206118+00:00] name.INFO: ------------------ [] []
[2021-01-17T05:51:27.206882+00:00] name.INFO: Пользователь перешел по маршруту - http://laravel Параметры GET [] []
[2021-01-17T05:51:36.970363+00:00] name.INFO: ------------------ [] []
[2021-01-17T05:51:36.971139+00:00] name.INFO: Пользователь перешел по маршруту - http://laravel Параметры GET [] []
[2021-01-17T05:52:01.500869+00:00] name.INFO: ------------------ [] []
[2021-01-17T05:52:01.501633+00:00] name.INFO: Пользователь перешел по маршруту - http://laravel Параметры GET [] []
[2021-01-17T05:52:22.571048+00:00] name.INFO: ------------------ [] []
[2021-01-17T05:52:22.572056+00:00] name.INFO: Пользователь перешел по маршруту - http://laravel Параметры GET [] []
[2021-01-17T05:53:58.574863+00:00] name.INFO: ------------------ [] []
[2021-01-17T05:53:58.575987+00:00] name.INFO: Пользователь перешел по маршруту - http://laravel Параметры GET [] []
[2021-01-17T05:54:28.128749+00:00] name.INFO: ------------------ [] []
[2021-01-17T05:54:28.129692+00:00] name.INFO: Пользователь перешел по маршруту - http://laravel Параметры GET [] []
[2021-01-17T05:55:20.242145+00:00] name.INFO: ------------------ [] []
[2021-01-17T05:55:20.242940+00:00] name.INFO: Пользователь перешел по маршруту - http://laravel Параметры GET [] []
[2021-01-17T05:55:38.651435+00:00] name.INFO: ------------------ [] []
[2021-01-17T05:55:38.652256+00:00] name.INFO: Пользователь перешел по маршруту - http://laravel/register Параметры POST [] []
[2021-01-17T05:55:38.652463+00:00] name.INFO: _token => k1ZeidTBDz5UIYKoJbQLSD1gZ9TmSV2tllJzsAIk [] []
[2021-01-17T05:55:38.652607+00:00] name.INFO: login => edqewqeq [] []
[2021-01-17T05:55:38.652744+00:00] name.INFO: password =>   foreach ($this->userBuildings() as $building) {              if($building->checkFinishUpgrade()) {                 SystemMessage::factory()->create(                     [                         'title' => 'Оповещение об улучшении постройки',                         'message' => 'Улучшение постройки '.__('mes.'.$building->baseBuilding()->category).' завершено.',                     ]                 );                 $building->save();             }         } [] []
[2021-01-17T05:55:38.652884+00:00] name.INFO: password_confirmation =>   foreach ($this->userBuildings() as $building) {              if($building->checkFinishUpgrade()) {                 SystemMessage::factory()->create(                     [                         'title' => 'Оповещение об улучшении постройки',                         'message' => 'Улучшение постройки '.__('mes.'.$building->baseBuilding()->category).' завершено.',                     ]                 );                 $building->save();             }         } [] []
[2021-01-17T05:55:42.516817+00:00] name.INFO: ------------------ [] []
[2021-01-17T05:55:42.517566+00:00] name.INFO: Пользователь перешел по маршруту - http://laravel Параметры GET [] []
[2021-01-17T05:55:47.484880+00:00] name.INFO: ------------------ [] []
[2021-01-17T05:55:47.485656+00:00] name.INFO: Пользователь перешел по маршруту - http://laravel/register Параметры POST [] []
[2021-01-17T05:55:47.485820+00:00] name.INFO: _token => k1ZeidTBDz5UIYKoJbQLSD1gZ9TmSV2tllJzsAIk [] []
[2021-01-17T05:55:47.485934+00:00] name.INFO: login => qeqwe [] []
[2021-01-17T05:55:47.486046+00:00] name.INFO: password => http://localhost:8848/ [] []
[2021-01-17T05:55:47.486161+00:00] name.INFO: password_confirmation => http://localhost:8848/ [] []
[2021-01-17T06:20:10.270436+00:00] name.INFO: ------------------ [] []
[2021-01-17T06:20:10.271332+00:00] name.INFO: Пользователь перешел по маршруту - http://laravel Параметры GET [] []
[2021-01-17T06:20:16.348134+00:00] name.INFO: ------------------ [] []
[2021-01-17T06:20:16.348964+00:00] name.INFO: Пользователь перешел по маршруту - http://laravel/register Параметры POST [] []
[2021-01-17T06:20:16.349127+00:00] name.INFO: _token => GcDZaIpY0RKsp5RDfLeULEuWDo2NqLs5OHl3VN8M [] []
[2021-01-17T06:20:16.349242+00:00] name.INFO: login => vxcv [] []
[2021-01-17T06:20:16.349379+00:00] name.INFO: password => http://localhost:8848/ [] []
[2021-01-17T06:20:16.349496+00:00] name.INFO: password_confirmation => vhttp://localhost:8848/ [] []
[2021-01-17T06:20:16.490263+00:00] name.INFO: ------------------ [] []
[2021-01-17T06:20:16.491003+00:00] name.INFO: Пользователь перешел по маршруту - http://laravel Параметры GET [] []
[2021-01-17T06:20:21.325676+00:00] name.INFO: ------------------ [] []
[2021-01-17T06:20:21.326457+00:00] name.INFO: Пользователь перешел по маршруту - http://laravel/register Параметры POST [] []
[2021-01-17T06:20:21.326614+00:00] name.INFO: _token => GcDZaIpY0RKsp5RDfLeULEuWDo2NqLs5OHl3VN8M [] []
[2021-01-17T06:20:21.326727+00:00] name.INFO: login => qweqe213 [] []
[2021-01-17T06:20:21.326846+00:00] name.INFO: password => http://localhost:8848/ [] []
[2021-01-17T06:20:21.326960+00:00] name.INFO: password_confirmation => http://localhost:8848/ [] []
[2021-01-17T06:20:45.405760+00:00] name.INFO: ------------------ [] []
[2021-01-17T06:20:45.406662+00:00] name.INFO: Пользователь перешел по маршруту - http://laravel Параметры GET [] []
[2021-01-17T06:20:48.654167+00:00] name.INFO: ------------------ [] []
[2021-01-17T06:20:48.654927+00:00] name.INFO: Пользователь перешел по маршруту - http://laravel/register Параметры POST [] []
[2021-01-17T06:20:48.655086+00:00] name.INFO: _token => hMaFpLYJcNNfNi12pOpPQMJFaezmCdBoiy9behAQ [] []
[2021-01-17T06:20:48.655201+00:00] name.INFO: login => 312313 [] []
[2021-01-17T06:20:48.655313+00:00] name.INFO: password => http://localhost:8848/ [] []
[2021-01-17T06:20:48.655425+00:00] name.INFO: password_confirmation => http://localhost:8848/ [] []
