[2021-01-17T05:55:47.695980+00:00] name.INFO: ------------------ [] []
[2021-01-17T05:55:47.697153+00:00] name.INFO: Пользователь перешел по маршруту - http://laravel/home Параметры GET [] []
[2021-01-17T05:55:49.348977+00:00] name.INFO: ------------------ [] []
[2021-01-17T05:55:49.350033+00:00] name.INFO: Пользователь перешел по маршруту - http://laravel/buildings Параметры GET [] []
[2021-01-17T05:55:50.594326+00:00] name.INFO: ------------------ [] []
[2021-01-17T05:55:50.595149+00:00] name.INFO: Пользователь перешел по маршруту - http://laravel/buildings/7/upgrade Параметры GET [] []
[2021-01-17T05:55:51.876732+00:00] name.INFO: ------------------ [] []
[2021-01-17T05:55:51.881457+00:00] name.INFO: Пользователь перешел по маршруту - http://laravel/buildings/upgrade Параметры POST [] []
[2021-01-17T05:55:51.881644+00:00] name.INFO: _token => k1ZeidTBDz5UIYKoJbQLSD1gZ9TmSV2tllJzsAIk [] []
[2021-01-17T05:55:51.881773+00:00] name.INFO: id => 7 [] []
[2021-01-17T05:55:52.051478+00:00] name.INFO: ------------------ [] []
[2021-01-17T05:55:52.052264+00:00] name.INFO: Пользователь перешел по маршруту - http://laravel/buildings/7/upgrade Параметры GET [] []
[2021-01-17T05:56:05.809277+00:00] name.INFO: ------------------ [] []
[2021-01-17T05:56:05.810087+00:00] name.INFO: Пользователь перешел по маршруту - http://laravel/buildings/7/upgrade Параметры GET [] []
[2021-01-17T05:56:10.409246+00:00] name.INFO: ------------------ [] []
[2021-01-17T05:56:10.410071+00:00] name.INFO: Пользователь перешел по маршруту - http://laravel/buildings Параметры GET [] []
[2021-01-17T05:56:34.633207+00:00] name.INFO: ------------------ [] []
[2021-01-17T05:56:34.634040+00:00] name.INFO: Пользователь перешел по маршруту - http://laravel/buildings Параметры GET [] []
[2021-01-17T05:56:47.245436+00:00] name.INFO: ------------------ [] []
[2021-01-17T05:56:47.246280+00:00] name.INFO: Пользователь перешел по маршруту - http://laravel/buildings/7/upgrade Параметры GET [] []
[2021-01-17T05:56:48.212444+00:00] name.INFO: ------------------ [] []
[2021-01-17T05:56:48.213243+00:00] name.INFO: Пользователь перешел по маршруту - http://laravel/buildings/upgrade Параметры POST [] []
[2021-01-17T05:56:48.213408+00:00] name.INFO: _token => k1ZeidTBDz5UIYKoJbQLSD1gZ9TmSV2tllJzsAIk [] []
[2021-01-17T05:56:48.213524+00:00] name.INFO: id => 7 [] []
[2021-01-17T05:56:48.392849+00:00] name.INFO: ------------------ [] []
[2021-01-17T05:56:48.393825+00:00] name.INFO: Пользователь перешел по маршруту - http://laravel/buildings Параметры GET [] []
[2021-01-17T05:56:50.811657+00:00] name.INFO: ------------------ [] []
[2021-01-17T05:56:50.812462+00:00] name.INFO: Пользователь перешел по маршруту - http://laravel/buildings Параметры GET [] []
[2021-01-17T05:56:51.478987+00:00] name.INFO: ------------------ [] []
[2021-01-17T05:56:51.479788+00:00] name.INFO: Пользователь перешел по маршруту - http://laravel/buildings/7/upgrade Параметры GET [] []
[2021-01-17T05:56:55.591888+00:00] name.INFO: ------------------ [] []
[2021-01-17T05:56:55.592674+00:00] name.INFO: Пользователь перешел по маршруту - http://laravel/buildings/upgrade Параметры POST [] []
[2021-01-17T05:56:55.592843+00:00] name.INFO: _token => k1ZeidTBDz5UIYKoJbQLSD1gZ9TmSV2tllJzsAIk [] []
[2021-01-17T05:56:55.592958+00:00] name.INFO: id => 7 [] []
[2021-01-17T05:56:55.794432+00:00] name.INFO: ------------------ [] []
[2021-01-17T05:56:55.795218+00:00] name.INFO: Пользователь перешел по маршруту - http://laravel/buildings Параметры GET [] []
[2021-01-17T05:56:57.295060+00:00] name.INFO: ------------------ [] []
[2021-01-17T05:56:57.295905+00:00] name.INFO: Пользователь перешел по маршруту - http://laravel/buildings/7/upgrade Параметры GET [] []
[2021-01-17T05:56:58.067622+00:00] name.INFO: ------------------ [] []
[2021-01-17T05:56:58.068428+00:00] name.INFO: Пользователь перешел по маршруту - http://laravel/buildings/upgrade Параметры POST [] []
[2021-01-17T05:56:58.068593+00:00] name.INFO: _token => k1ZeidTBDz5UIYKoJbQLSD1gZ9TmSV2tllJzsAIk [] []
[2021-01-17T05:56:58.068709+00:00] name.INFO: id => 7 [] []
[2021-01-17T05:56:58.228733+00:00] name.INFO: ------------------ [] []
[2021-01-17T05:56:58.229520+00:00] name.INFO: Пользователь перешел по маршруту - http://laravel/buildings/7/upgrade Параметры GET [] []
[2021-01-17T05:56:59.654210+00:00] name.INFO: ------------------ [] []
[2021-01-17T05:56:59.655027+00:00] name.INFO: Пользователь перешел по маршруту - http://laravel/buildings/upgrade Параметры POST [] []
[2021-01-17T05:56:59.655192+00:00] name.INFO: _token => k1ZeidTBDz5UIYKoJbQLSD1gZ9TmSV2tllJzsAIk [] []
[2021-01-17T05:56:59.655310+00:00] name.INFO: id => 7 [] []
[2021-01-17T05:56:59.816391+00:00] name.INFO: ------------------ [] []
[2021-01-17T05:56:59.817174+00:00] name.INFO: Пользователь перешел по маршруту - http://laravel/buildings/7/upgrade Параметры GET [] []
[2021-01-17T05:57:00.810739+00:00] name.INFO: ------------------ [] []
[2021-01-17T05:57:00.811535+00:00] name.INFO: Пользователь перешел по маршруту - http://laravel/buildings/upgrade Параметры POST [] []
[2021-01-17T05:57:00.811699+00:00] name.INFO: _token => k1ZeidTBDz5UIYKoJbQLSD1gZ9TmSV2tllJzsAIk [] []
[2021-01-17T05:57:00.811815+00:00] name.INFO: id => 7 [] []
[2021-01-17T05:57:00.973292+00:00] name.INFO: ------------------ [] []
[2021-01-17T05:57:00.974068+00:00] name.INFO: Пользователь перешел по маршруту - http://laravel/buildings/7/upgrade Параметры GET [] []
[2021-01-17T05:57:02.286092+00:00] name.INFO: ------------------ [] []
[2021-01-17T05:57:02.286894+00:00] name.INFO: Пользователь перешел по маршруту - http://laravel/home Параметры GET [] []
[2021-01-17T05:57:03.772081+00:00] name.INFO: ------------------ [] []
[2021-01-17T05:57:03.772903+00:00] name.INFO: Пользователь перешел по маршруту - http://laravel/buildings Параметры GET [] []
[2021-01-17T05:57:05.254435+00:00] name.INFO: ------------------ [] []
[2021-01-17T05:57:05.255224+00:00] name.INFO: Пользователь перешел по маршруту - http://laravel/buildings/7 Параметры GET [] []
[2021-01-17T05:57:06.256205+00:00] name.INFO: ------------------ [] []
[2021-01-17T05:57:06.257095+00:00] name.INFO: Пользователь перешел по маршруту - http://laravel/buildings Параметры GET [] []
[2021-01-17T05:57:38.891126+00:00] name.INFO: ------------------ [] []
[2021-01-17T05:57:38.891977+00:00] name.INFO: Пользователь перешел по маршруту - http://laravel/buildings Параметры GET [] []
[2021-01-17T05:57:46.684949+00:00] name.INFO: ------------------ [] []
[2021-01-17T05:57:46.685767+00:00] name.INFO: Пользователь перешел по маршруту - http://laravel/buildings Параметры GET [] []
[2021-01-17T06:18:32.985604+00:00] name.INFO: ------------------ [] []
[2021-01-17T06:18:32.986752+00:00] name.INFO: Пользователь перешел по маршруту - http://laravel/buildings Параметры GET [] []
[2021-01-17T06:18:47.862683+00:00] name.INFO: ------------------ [] []
[2021-01-17T06:18:47.863499+00:00] name.INFO: Пользователь перешел по маршруту - http://laravel/buildings Параметры GET [] []
[2021-01-17T06:18:57.853234+00:00] name.INFO: ------------------ [] []
[2021-01-17T06:18:57.854081+00:00] name.INFO: Пользователь перешел по маршруту - http://laravel/buildings Параметры GET [] []
[2021-01-17T06:20:07.774714+00:00] name.INFO: ------------------ [] []
[2021-01-17T06:20:07.775567+00:00] name.INFO: Пользователь перешел по маршруту - http://laravel/buildings Параметры GET [] []
[2021-01-17T06:20:09.607975+00:00] name.INFO: ------------------ [] []
[2021-01-17T06:20:09.608811+00:00] name.INFO: Пользователь перешел по маршруту - http://laravel/home Параметры GET [] []
[2021-01-17T06:20:10.112129+00:00] name.INFO: ------------------ [] []
[2021-01-17T06:20:10.112974+00:00] name.INFO: Пользователь перешел по маршруту - http://laravel/logout Параметры POST [] []
[2021-01-17T06:20:10.113139+00:00] name.INFO: _token => k1ZeidTBDz5UIYKoJbQLSD1gZ9TmSV2tllJzsAIk [] []
