[2021-01-16T12:11:15.525061+00:00] name.INFO: ------------------ [] []
[2021-01-16T12:11:15.526286+00:00] name.INFO: Пользователь перешел по маршруту - http://laravel/home Параметры GET [] []
[2021-01-16T12:12:27.358109+00:00] name.INFO: ------------------ [] []
[2021-01-16T12:12:27.359060+00:00] name.INFO: Пользователь перешел по маршруту - http://laravel/mail Параметры GET [] []
[2021-01-16T12:12:29.359933+00:00] name.INFO: ------------------ [] []
[2021-01-16T12:12:29.361007+00:00] name.INFO: Пользователь перешел по маршруту - http://laravel/online Параметры GET [] []
[2021-01-16T12:12:30.281931+00:00] name.INFO: ------------------ [] []
[2021-01-16T12:12:30.287592+00:00] name.INFO: Пользователь перешел по маршруту - http://laravel/home Параметры GET [] []
[2021-01-16T12:12:30.603687+00:00] name.INFO: ------------------ [] []
[2021-01-16T12:12:30.604487+00:00] name.INFO: Пользователь перешел по маршруту - http://laravel/logout Параметры POST [] []
[2021-01-16T12:12:30.604652+00:00] name.INFO: _token => Lg9rkBl6JpkKUSIQ07yb5o6SxO5GnrT9BtRWa9AJ [] []
[2021-01-16T12:25:19.901950+00:00] name.INFO: ------------------ [] []
[2021-01-16T12:25:19.902966+00:00] name.INFO: Пользователь перешел по маршруту - http://laravel/home Параметры GET [] []
[2021-01-16T12:25:21.161319+00:00] name.INFO: ------------------ [] []
[2021-01-16T12:25:21.162297+00:00] name.INFO: Пользователь перешел по маршруту - http://laravel/mail Параметры GET [] []
[2021-01-16T12:25:21.864606+00:00] name.INFO: ------------------ [] []
[2021-01-16T12:25:21.865439+00:00] name.INFO: Пользователь перешел по маршруту - http://laravel/mail/system_messages Параметры GET [] []
[2021-01-16T12:25:22.465671+00:00] name.INFO: ------------------ [] []
[2021-01-16T12:25:22.466642+00:00] name.INFO: Пользователь перешел по маршруту - http://laravel/mail/system_messages/5 Параметры GET [] []
[2021-01-16T12:25:23.349474+00:00] name.INFO: ------------------ [] []
[2021-01-16T12:25:23.350307+00:00] name.INFO: Пользователь перешел по маршруту - http://laravel/mail/system_messages/take_items Параметры POST [] []
[2021-01-16T12:25:23.350480+00:00] name.INFO: _token => jwsCrdeRlTti10xwX05dq9i4up6vwhb4ubF7EBc5 [] []
[2021-01-16T12:25:23.350603+00:00] name.INFO: id => 5 [] []
[2021-01-16T12:25:23.529102+00:00] name.INFO: ------------------ [] []
[2021-01-16T12:25:23.530121+00:00] name.INFO: Пользователь перешел по маршруту - http://laravel/mail/system_messages/5 Параметры GET [] []
[2021-01-16T12:25:24.718499+00:00] name.INFO: ------------------ [] []
[2021-01-16T12:25:24.719831+00:00] name.INFO: Пользователь перешел по маршруту - http://laravel/mail Параметры GET [] []
[2021-01-16T12:25:25.513023+00:00] name.INFO: ------------------ [] []
[2021-01-16T12:25:25.513978+00:00] name.INFO: Пользователь перешел по маршруту - http://laravel/mail/dialogs Параметры GET [] []
[2021-01-16T12:25:27.074989+00:00] name.INFO: ------------------ [] []
[2021-01-16T12:25:27.075908+00:00] name.INFO: Пользователь перешел по маршруту - http://laravel/home Параметры GET [] []
[2021-01-16T12:25:28.078286+00:00] name.INFO: ------------------ [] []
[2021-01-16T12:25:28.079194+00:00] name.INFO: Пользователь перешел по маршруту - http://laravel/online Параметры GET [] []
[2021-01-16T12:25:28.982296+00:00] name.INFO: ------------------ [] []
[2021-01-16T12:25:28.983153+00:00] name.INFO: Пользователь перешел по маршруту - http://laravel/mail/dialogs/4 Параметры GET [] []
[2021-01-16T12:25:30.625712+00:00] name.INFO: ------------------ [] []
[2021-01-16T12:25:30.626639+00:00] name.INFO: Пользователь перешел по маршруту - http://laravel/mail/dialogs/send Параметры POST [] []
[2021-01-16T12:25:30.626913+00:00] name.INFO: _token => jwsCrdeRlTti10xwX05dq9i4up6vwhb4ubF7EBc5 [] []
[2021-01-16T12:25:30.627097+00:00] name.INFO: message => qwe [] []
[2021-01-16T12:25:30.627280+00:00] name.INFO: to => 4 [] []
[2021-01-16T12:25:30.815383+00:00] name.INFO: ------------------ [] []
[2021-01-16T12:25:30.816344+00:00] name.INFO: Пользователь перешел по маршруту - http://laravel/mail/dialogs/4 Параметры GET [] []
[2021-01-16T12:25:31.966905+00:00] name.INFO: ------------------ [] []
[2021-01-16T12:25:31.967772+00:00] name.INFO: Пользователь перешел по маршруту - http://laravel/items Параметры GET [] []
[2021-01-16T12:25:34.219325+00:00] name.INFO: ------------------ [] []
[2021-01-16T12:25:34.220195+00:00] name.INFO: Пользователь перешел по маршруту - http://laravel/items/use Параметры POST [] []
[2021-01-16T12:25:34.220426+00:00] name.INFO: _token => jwsCrdeRlTti10xwX05dq9i4up6vwhb4ubF7EBc5 [] []
[2021-01-16T12:25:34.220597+00:00] name.INFO: count => 2 [] []
[2021-01-16T12:25:34.220773+00:00] name.INFO: id => 1 [] []
[2021-01-16T12:25:34.403324+00:00] name.INFO: ------------------ [] []
[2021-01-16T12:25:34.404220+00:00] name.INFO: Пользователь перешел по маршруту - http://laravel/items Параметры GET [] []
[2021-01-16T12:27:14.775567+00:00] name.INFO: ------------------ [] []
[2021-01-16T12:27:14.776501+00:00] name.INFO: Пользователь перешел по маршруту - http://laravel/items Параметры GET [] []
[2021-01-16T12:27:16.889433+00:00] name.INFO: ------------------ [] []
[2021-01-16T12:27:16.890308+00:00] name.INFO: Пользователь перешел по маршруту - http://laravel/home Параметры GET [] []
[2021-01-16T12:27:19.806015+00:00] name.INFO: ------------------ [] []
[2021-01-16T12:27:19.806940+00:00] name.INFO: Пользователь перешел по маршруту - http://laravel/items Параметры GET [] []
[2021-01-16T12:27:21.355680+00:00] name.INFO: ------------------ [] []
[2021-01-16T12:27:21.356541+00:00] name.INFO: Пользователь перешел по маршруту - http://laravel/items/use Параметры POST [] []
[2021-01-16T12:27:21.356771+00:00] name.INFO: _token => jwsCrdeRlTti10xwX05dq9i4up6vwhb4ubF7EBc5 [] []
[2021-01-16T12:27:21.356943+00:00] name.INFO: count => 2 [] []
[2021-01-16T12:27:21.357113+00:00] name.INFO: id => 1 [] []
[2021-01-16T12:27:21.540363+00:00] name.INFO: ------------------ [] []
[2021-01-16T12:27:21.541269+00:00] name.INFO: Пользователь перешел по маршруту - http://laravel/items Параметры GET [] []
[2021-01-16T12:27:22.787729+00:00] name.INFO: ------------------ [] []
[2021-01-16T12:27:22.788737+00:00] name.INFO: Пользователь перешел по маршруту - http://laravel/home Параметры GET [] []
[2021-01-16T12:27:23.534240+00:00] name.INFO: ------------------ [] []
[2021-01-16T12:27:23.535169+00:00] name.INFO: Пользователь перешел по маршруту - http://laravel/logout Параметры POST [] []
[2021-01-16T12:27:23.535403+00:00] name.INFO: _token => jwsCrdeRlTti10xwX05dq9i4up6vwhb4ubF7EBc5 [] []
