[2021-01-16T19:27:28.429866+00:00] name.INFO: ------------------ [] []
[2021-01-16T19:27:28.431238+00:00] name.INFO: Пользователь перешел по маршруту - http://laravel/home Параметры GET [] []
[2021-01-16T19:27:29.451982+00:00] name.INFO: ------------------ [] []
[2021-01-16T19:27:29.452989+00:00] name.INFO: Пользователь перешел по маршруту - http://laravel/mail Параметры GET [] []
[2021-01-16T19:27:30.017755+00:00] name.INFO: ------------------ [] []
[2021-01-16T19:27:30.018670+00:00] name.INFO: Пользователь перешел по маршруту - http://laravel/mail/system_messages Параметры GET [] []
[2021-01-16T19:27:30.664103+00:00] name.INFO: ------------------ [] []
[2021-01-16T19:27:30.665235+00:00] name.INFO: Пользователь перешел по маршруту - http://laravel/mail/system_messages/10 Параметры GET [] []
[2021-01-16T19:27:31.471007+00:00] name.INFO: ------------------ [] []
[2021-01-16T19:27:31.471940+00:00] name.INFO: Пользователь перешел по маршруту - http://laravel/mail/system_messages/take_items Параметры POST [] []
[2021-01-16T19:27:31.472184+00:00] name.INFO: _token => 0Ya3OJWzErXHJGyQVuVfnt5pZzVa1pIfScSnFvHQ [] []
[2021-01-16T19:27:31.472426+00:00] name.INFO: id => 10 [] []
[2021-01-16T19:27:31.650567+00:00] name.INFO: ------------------ [] []
[2021-01-16T19:27:31.651567+00:00] name.INFO: Пользователь перешел по маршруту - http://laravel/mail/system_messages/10 Параметры GET [] []
[2021-01-16T19:27:32.643175+00:00] name.INFO: ------------------ [] []
[2021-01-16T19:27:32.644428+00:00] name.INFO: Пользователь перешел по маршруту - http://laravel/home Параметры GET [] []
[2021-01-16T19:27:44.044761+00:00] name.INFO: ------------------ [] []
[2021-01-16T19:27:44.045743+00:00] name.INFO: Пользователь перешел по маршруту - http://laravel/home Параметры GET [] []
[2021-01-16T19:27:48.649474+00:00] name.INFO: ------------------ [] []
[2021-01-16T19:27:48.650451+00:00] name.INFO: Пользователь перешел по маршруту - http://laravel/home Параметры GET [] []
[2021-01-16T19:27:53.783440+00:00] name.INFO: ------------------ [] []
[2021-01-16T19:27:53.784387+00:00] name.INFO: Пользователь перешел по маршруту - http://laravel/home Параметры GET [] []
[2021-01-16T19:28:14.725445+00:00] name.INFO: ------------------ [] []
[2021-01-16T19:28:14.726465+00:00] name.INFO: Пользователь перешел по маршруту - http://laravel/home Параметры GET [] []
[2021-01-16T19:28:26.959763+00:00] name.INFO: ------------------ [] []
[2021-01-16T19:28:26.960719+00:00] name.INFO: Пользователь перешел по маршруту - http://laravel/home Параметры GET [] []
[2021-01-16T19:28:53.354235+00:00] name.INFO: ------------------ [] []
[2021-01-16T19:28:53.355457+00:00] name.INFO: Пользователь перешел по маршруту - http://laravel/home Параметры GET [] []
[2021-01-16T19:29:01.695064+00:00] name.INFO: ------------------ [] []
[2021-01-16T19:29:01.696100+00:00] name.INFO: Пользователь перешел по маршруту - http://laravel/home Параметры GET [] []
[2021-01-16T19:29:10.412246+00:00] name.INFO: ------------------ [] []
[2021-01-16T19:29:10.413247+00:00] name.INFO: Пользователь перешел по маршруту - http://laravel/home Параметры GET [] []
[2021-01-16T19:32:13.006231+00:00] name.INFO: ------------------ [] []
[2021-01-16T19:32:13.007682+00:00] name.INFO: Пользователь перешел по маршруту - http://laravel/home Параметры GET [] []
[2021-01-16T19:32:20.139657+00:00] name.INFO: ------------------ [] []
[2021-01-16T19:32:20.140568+00:00] name.INFO: Пользователь перешел по маршруту - http://laravel/home Параметры GET [] []
[2021-01-16T19:32:20.148882+00:00] name.INFO: ------------------ [] []
[2021-01-16T19:32:20.150036+00:00] name.INFO: Пользователь перешел по маршруту - http://laravel/home Параметры GET [] []
[2021-01-16T19:32:20.188099+00:00] name.INFO: ------------------ [] []
[2021-01-16T19:32:20.189208+00:00] name.INFO: Пользователь перешел по маршруту - http://laravel/home Параметры GET [] []
[2021-01-16T19:32:20.605580+00:00] name.INFO: ------------------ [] []
[2021-01-16T19:32:20.606556+00:00] name.INFO: Пользователь перешел по маршруту - http://laravel/home Параметры GET [] []
[2021-01-16T19:32:21.024500+00:00] name.INFO: ------------------ [] []
[2021-01-16T19:32:21.025454+00:00] name.INFO: Пользователь перешел по маршруту - http://laravel/home Параметры GET [] []
[2021-01-16T19:33:53.727357+00:00] name.INFO: ------------------ [] []
[2021-01-16T19:33:53.728321+00:00] name.INFO: Пользователь перешел по маршруту - http://laravel/home Параметры GET [] []
[2021-01-16T19:33:53.728446+00:00] name.INFO: ------------------ [] []
[2021-01-16T19:33:53.729281+00:00] name.INFO: Пользователь перешел по маршруту - http://laravel/home Параметры GET [] []
[2021-01-16T19:33:53.849724+00:00] name.INFO: ------------------ [] []
[2021-01-16T19:33:53.850584+00:00] name.INFO: Пользователь перешел по маршруту - http://laravel/home Параметры GET [] []
[2021-01-16T19:33:53.863461+00:00] name.INFO: ------------------ [] []
[2021-01-16T19:33:53.864457+00:00] name.INFO: Пользователь перешел по маршруту - http://laravel/home Параметры GET [] []
[2021-01-16T19:33:54.208885+00:00] name.INFO: ------------------ [] []
[2021-01-16T19:33:54.209881+00:00] name.INFO: Пользователь перешел по маршруту - http://laravel/home Параметры GET [] []
[2021-01-16T19:33:54.606502+00:00] name.INFO: ------------------ [] []
[2021-01-16T19:33:54.608128+00:00] name.INFO: Пользователь перешел по маршруту - http://laravel/home Параметры GET [] []
[2021-01-16T19:36:06.874855+00:00] name.INFO: ------------------ [] []
[2021-01-16T19:36:06.875964+00:00] name.INFO: Пользователь перешел по маршруту - http://laravel/home Параметры GET [] []
[2021-01-16T19:36:10.264571+00:00] name.INFO: ------------------ [] []
[2021-01-16T19:36:10.265394+00:00] name.INFO: Пользователь перешел по маршруту - http://laravel/home Параметры GET [] []
[2021-01-16T19:36:30.402315+00:00] name.INFO: ------------------ [] []
[2021-01-16T19:36:30.403161+00:00] name.INFO: Пользователь перешел по маршруту - http://laravel/home Параметры GET [] []
[2021-01-16T19:37:02.395426+00:00] name.INFO: ------------------ [] []
[2021-01-16T19:37:02.396247+00:00] name.INFO: Пользователь перешел по маршруту - http://laravel/home Параметры GET [] []
[2021-01-16T19:37:08.622903+00:00] name.INFO: ------------------ [] []
[2021-01-16T19:37:08.623774+00:00] name.INFO: Пользователь перешел по маршруту - http://laravel/home Параметры GET [] []
[2021-01-16T19:37:14.969176+00:00] name.INFO: ------------------ [] []
[2021-01-16T19:37:14.970047+00:00] name.INFO: Пользователь перешел по маршруту - http://laravel/home Параметры GET [] []
[2021-01-16T19:37:15.038682+00:00] name.INFO: ------------------ [] []
[2021-01-16T19:37:15.040188+00:00] name.INFO: Пользователь перешел по маршруту - http://laravel/home Параметры GET [] []
[2021-01-16T19:37:15.061839+00:00] name.INFO: ------------------ [] []
[2021-01-16T19:37:15.062850+00:00] name.INFO: Пользователь перешел по маршруту - http://laravel/home Параметры GET [] []
[2021-01-16T19:37:15.066595+00:00] name.INFO: ------------------ [] []
[2021-01-16T19:37:15.067865+00:00] name.INFO: Пользователь перешел по маршруту - http://laravel/home Параметры GET [] []
[2021-01-16T19:37:15.074565+00:00] name.INFO: ------------------ [] []
[2021-01-16T19:37:15.075581+00:00] name.INFO: Пользователь перешел по маршруту - http://laravel/home Параметры GET [] []
[2021-01-16T19:37:15.076937+00:00] name.INFO: ------------------ [] []
[2021-01-16T19:37:15.077924+00:00] name.INFO: Пользователь перешел по маршруту - http://laravel/home Параметры GET [] []
[2021-01-16T19:37:15.204193+00:00] name.INFO: ------------------ [] []
[2021-01-16T19:37:15.205383+00:00] name.INFO: Пользователь перешел по маршруту - http://laravel/home Параметры GET [] []
[2021-01-16T19:37:15.695950+00:00] name.INFO: ------------------ [] []
[2021-01-16T19:37:15.696859+00:00] name.INFO: Пользователь перешел по маршруту - http://laravel/home Параметры GET [] []
